{"meta": {"format": 3, "version": "7.10.3", "timestamp": "2025-08-16T20:25:47.804812", "branch_coverage": false, "show_contexts": false}, "files": {"nlcli/__init__.py": {"executed_lines": [1, 6, 7, 8, 11, 12, 18], "summary": {"covered_lines": 6, "num_statements": 9, "percent_covered": 66.66666666666667, "percent_covered_display": "67", "missing_lines": 3, "excluded_lines": 0}, "missing_lines": [13, 15, 16], "excluded_lines": [], "functions": {"": {"executed_lines": [1, 6, 7, 8, 11, 12, 18], "summary": {"covered_lines": 6, "num_statements": 9, "percent_covered": 66.66666666666667, "percent_covered_display": "67", "missing_lines": 3, "excluded_lines": 0}, "missing_lines": [13, 15, 16], "excluded_lines": []}}, "classes": {"": {"executed_lines": [1, 6, 7, 8, 11, 12, 18], "summary": {"covered_lines": 6, "num_statements": 9, "percent_covered": 66.66666666666667, "percent_covered_display": "67", "missing_lines": 3, "excluded_lines": 0}, "missing_lines": [13, 15, 16], "excluded_lines": []}}}, "nlcli/cli/__init__.py": {"executed_lines": [1, 11, 12, 13, 14, 16], "summary": {"covered_lines": 5, "num_statements": 5, "percent_covered": 100.0, "percent_covered_display": "100", "missing_lines": 0, "excluded_lines": 0}, "missing_lines": [], "excluded_lines": [], "functions": {"": {"executed_lines": [1, 11, 12, 13, 14, 16], "summary": {"covered_lines": 5, "num_statements": 5, "percent_covered": 100.0, "percent_covered_display": "100", "missing_lines": 0, "excluded_lines": 0}, "missing_lines": [], "excluded_lines": []}}, "classes": {"": {"executed_lines": [1, 11, 12, 13, 14, 16], "summary": {"covered_lines": 5, "num_statements": 5, "percent_covered": 100.0, "percent_covered_display": "100", "missing_lines": 0, "excluded_lines": 0}, "missing_lines": [], "excluded_lines": []}}}, "nlcli/cli/context_cli.py": {"executed_lines": [1, 5, 6, 7, 8, 9, 10, 12, 14, 15, 19, 20, 21, 72, 73, 74, 107, 145, 146, 147, 148, 149, 175, 176, 177, 178, 205, 206, 207], "summary": {"covered_lines": 28, "num_statements": 125, "percent_covered": 22.4, "percent_covered_display": "22", "missing_lines": 97, "excluded_lines": 0}, "missing_lines": [17, 24, 25, 27, 30, 31, 32, 34, 36, 37, 38, 39, 40, 42, 45, 46, 49, 50, 51, 52, 53, 55, 57, 60, 61, 62, 63, 64, 66, 67, 68, 70, 77, 78, 81, 90, 91, 92, 94, 95, 96, 97, 99, 100, 101, 102, 103, 105, 110, 143, 152, 153, 156, 157, 158, 159, 160, 161, 164, 167, 168, 170, 172, 173, 181, 182, 184, 185, 186, 187, 188, 189, 191, 192, 195, 196, 198, 200, 202, 203, 210, 211, 214, 223, 224, 226, 227, 229, 230, 233, 234, 235, 236, 238, 239, 240, 242], "excluded_lines": [], "functions": {"context": {"executed_lines": [], "summary": {"covered_lines": 0, "num_statements": 1, "percent_covered": 0.0, "percent_covered_display": "0", "missing_lines": 1, "excluded_lines": 0}, "missing_lines": [17], "excluded_lines": []}, "status": {"executed_lines": [], "summary": {"covered_lines": 0, "num_statements": 31, "percent_covered": 0.0, "percent_covered_display": "0", "missing_lines": 31, "excluded_lines": 0}, "missing_lines": [24, 25, 27, 30, 31, 32, 34, 36, 37, 38, 39, 40, 42, 45, 46, 49, 50, 51, 52, 53, 55, 57, 60, 61, 62, 63, 64, 66, 67, 68, 70], "excluded_lines": []}, "shortcuts": {"executed_lines": [], "summary": {"covered_lines": 0, "num_statements": 16, "percent_covered": 0.0, "percent_covered_display": "0", "missing_lines": 16, "excluded_lines": 0}, "missing_lines": [77, 78, 81, 90, 91, 92, 94, 95, 96, 97, 99, 100, 101, 102, 103, 105], "excluded_lines": []}, "_get_shortcut_description": {"executed_lines": [], "summary": {"covered_lines": 0, "num_statements": 2, "percent_covered": 0.0, "percent_covered_display": "0", "missing_lines": 2, "excluded_lines": 0}, "missing_lines": [110, 143], "excluded_lines": []}, "add_shortcut": {"executed_lines": [], "summary": {"covered_lines": 0, "num_statements": 14, "percent_covered": 0.0, "percent_covered_display": "0", "missing_lines": 14, "excluded_lines": 0}, "missing_lines": [152, 153, 156, 157, 158, 159, 160, 161, 164, 167, 168, 170, 172, 173], "excluded_lines": []}, "remove_shortcut": {"executed_lines": [], "summary": {"covered_lines": 0, "num_statements": 16, "percent_covered": 0.0, "percent_covered_display": "0", "missing_lines": 16, "excluded_lines": 0}, "missing_lines": [181, 182, 184, 185, 186, 187, 188, 189, 191, 192, 195, 196, 198, 200, 202, 203], "excluded_lines": []}, "suggestions": {"executed_lines": [], "summary": {"covered_lines": 0, "num_statements": 17, "percent_covered": 0.0, "percent_covered_display": "0", "missing_lines": 17, "excluded_lines": 0}, "missing_lines": [210, 211, 214, 223, 224, 226, 227, 229, 230, 233, 234, 235, 236, 238, 239, 240, 242], "excluded_lines": []}, "": {"executed_lines": [1, 5, 6, 7, 8, 9, 10, 12, 14, 15, 19, 20, 21, 72, 73, 74, 107, 145, 146, 147, 148, 149, 175, 176, 177, 178, 205, 206, 207], "summary": {"covered_lines": 28, "num_statements": 28, "percent_covered": 100.0, "percent_covered_display": "100", "missing_lines": 0, "excluded_lines": 0}, "missing_lines": [], "excluded_lines": []}}, "classes": {"": {"executed_lines": [1, 5, 6, 7, 8, 9, 10, 12, 14, 15, 19, 20, 21, 72, 73, 74, 107, 145, 146, 147, 148, 149, 175, 176, 177, 178, 205, 206, 207], "summary": {"covered_lines": 28, "num_statements": 125, "percent_covered": 22.4, "percent_covered_display": "22", "missing_lines": 97, "excluded_lines": 0}, "missing_lines": [17, 24, 25, 27, 30, 31, 32, 34, 36, 37, 38, 39, 40, 42, 45, 46, 49, 50, 51, 52, 53, 55, 57, 60, 61, 62, 63, 64, 66, 67, 68, 70, 77, 78, 81, 90, 91, 92, 94, 95, 96, 97, 99, 100, 101, 102, 103, 105, 110, 143, 152, 153, 156, 157, 158, 159, 160, 161, 164, 167, 168, 170, 172, 173, 181, 182, 184, 185, 186, 187, 188, 189, 191, 192, 195, 196, 198, 200, 202, 203, 210, 211, 214, 223, 224, 226, 227, 229, 230, 233, 234, 235, 236, 238, 239, 240, 242], "excluded_lines": []}}}, "nlcli/cli/filter_cli.py": {"executed_lines": [1, 5, 6, 7, 8, 10, 12, 13, 17, 18, 19, 50, 51, 52, 53, 54, 125, 126, 127, 128, 129, 164, 165, 166, 167, 168, 169, 170, 196, 197, 198, 199, 219, 220, 221, 255, 256, 257, 258, 294, 295, 296], "summary": {"covered_lines": 41, "num_statements": 228, "percent_covered": 17.982456140350877, "percent_covered_display": "18", "missing_lines": 187, "excluded_lines": 0}, "missing_lines": [15, 22, 23, 25, 28, 29, 30, 32, 33, 34, 35, 37, 40, 41, 42, 43, 45, 46, 48, 57, 58, 61, 62, 63, 66, 67, 77, 78, 79, 80, 81, 83, 84, 85, 86, 88, 89, 90, 93, 95, 96, 97, 100, 101, 102, 103, 104, 106, 107, 108, 109, 110, 112, 113, 114, 117, 118, 119, 121, 123, 132, 133, 135, 137, 138, 139, 141, 143, 144, 145, 147, 149, 150, 151, 152, 154, 157, 158, 160, 162, 173, 174, 175, 177, 178, 181, 182, 183, 184, 185, 188, 190, 191, 192, 193, 194, 202, 203, 206, 207, 208, 209, 212, 214, 215, 217, 224, 225, 227, 229, 230, 231, 233, 234, 235, 236, 237, 239, 240, 243, 244, 245, 247, 248, 249, 251, 253, 261, 262, 264, 266, 267, 269, 272, 273, 274, 276, 277, 278, 279, 280, 282, 285, 288, 289, 290, 291, 292, 299, 301, 302, 304, 309, 311, 312, 313, 314, 315, 317, 318, 320, 322, 323, 324, 327, 328, 329, 330, 331, 332, 333, 335, 336, 338, 340, 347, 350, 351, 353, 354, 355, 357, 358, 359, 360, 361, 363], "excluded_lines": [], "functions": {"filter": {"executed_lines": [], "summary": {"covered_lines": 0, "num_statements": 1, "percent_covered": 0.0, "percent_covered_display": "0", "missing_lines": 1, "excluded_lines": 0}, "missing_lines": [15], "excluded_lines": []}, "stats": {"executed_lines": [], "summary": {"covered_lines": 0, "num_statements": 18, "percent_covered": 0.0, "percent_covered_display": "0", "missing_lines": 18, "excluded_lines": 0}, "missing_lines": [22, 23, 25, 28, 29, 30, 32, 33, 34, 35, 37, 40, 41, 42, 43, 45, 46, 48], "excluded_lines": []}, "list": {"executed_lines": [], "summary": {"covered_lines": 0, "num_statements": 41, "percent_covered": 0.0, "percent_covered_display": "0", "missing_lines": 41, "excluded_lines": 0}, "missing_lines": [57, 58, 61, 62, 63, 66, 67, 77, 78, 79, 80, 81, 83, 84, 85, 86, 88, 89, 90, 93, 95, 96, 97, 100, 101, 102, 103, 104, 106, 107, 108, 109, 110, 112, 113, 114, 117, 118, 119, 121, 123], "excluded_lines": []}, "suggest": {"executed_lines": [], "summary": {"covered_lines": 0, "num_statements": 20, "percent_covered": 0.0, "percent_covered_display": "0", "missing_lines": 20, "excluded_lines": 0}, "missing_lines": [132, 133, 135, 137, 138, 139, 141, 143, 144, 145, 147, 149, 150, 151, 152, 154, 157, 158, 160, 162], "excluded_lines": []}, "add": {"executed_lines": [], "summary": {"covered_lines": 0, "num_statements": 16, "percent_covered": 0.0, "percent_covered_display": "0", "missing_lines": 16, "excluded_lines": 0}, "missing_lines": [173, 174, 175, 177, 178, 181, 182, 183, 184, 185, 188, 190, 191, 192, 193, 194], "excluded_lines": []}, "remove": {"executed_lines": [], "summary": {"covered_lines": 0, "num_statements": 10, "percent_covered": 0.0, "percent_covered_display": "0", "missing_lines": 10, "excluded_lines": 0}, "missing_lines": [202, 203, 206, 207, 208, 209, 212, 214, 215, 217], "excluded_lines": []}, "custom": {"executed_lines": [], "summary": {"covered_lines": 0, "num_statements": 21, "percent_covered": 0.0, "percent_covered_display": "0", "missing_lines": 21, "excluded_lines": 0}, "missing_lines": [224, 225, 227, 229, 230, 231, 233, 234, 235, 236, 237, 239, 240, 243, 244, 245, 247, 248, 249, 251, 253], "excluded_lines": []}, "test": {"executed_lines": [], "summary": {"covered_lines": 0, "num_statements": 21, "percent_covered": 0.0, "percent_covered_display": "0", "missing_lines": 21, "excluded_lines": 0}, "missing_lines": [261, 262, 264, 266, 267, 269, 272, 273, 274, 276, 277, 278, 279, 280, 282, 285, 288, 289, 290, 291, 292], "excluded_lines": []}, "benchmark": {"executed_lines": [], "summary": {"covered_lines": 0, "num_statements": 39, "percent_covered": 0.0, "percent_covered_display": "0", "missing_lines": 39, "excluded_lines": 0}, "missing_lines": [299, 301, 302, 304, 309, 311, 312, 313, 314, 315, 317, 318, 320, 322, 323, 324, 327, 328, 329, 330, 331, 332, 333, 335, 336, 338, 340, 347, 350, 351, 353, 354, 355, 357, 358, 359, 360, 361, 363], "excluded_lines": []}, "": {"executed_lines": [1, 5, 6, 7, 8, 10, 12, 13, 17, 18, 19, 50, 51, 52, 53, 54, 125, 126, 127, 128, 129, 164, 165, 166, 167, 168, 169, 170, 196, 197, 198, 199, 219, 220, 221, 255, 256, 257, 258, 294, 295, 296], "summary": {"covered_lines": 41, "num_statements": 41, "percent_covered": 100.0, "percent_covered_display": "100", "missing_lines": 0, "excluded_lines": 0}, "missing_lines": [], "excluded_lines": []}}, "classes": {"": {"executed_lines": [1, 5, 6, 7, 8, 10, 12, 13, 17, 18, 19, 50, 51, 52, 53, 54, 125, 126, 127, 128, 129, 164, 165, 166, 167, 168, 169, 170, 196, 197, 198, 199, 219, 220, 221, 255, 256, 257, 258, 294, 295, 296], "summary": {"covered_lines": 41, "num_statements": 228, "percent_covered": 17.982456140350877, "percent_covered_display": "18", "missing_lines": 187, "excluded_lines": 0}, "missing_lines": [15, 22, 23, 25, 28, 29, 30, 32, 33, 34, 35, 37, 40, 41, 42, 43, 45, 46, 48, 57, 58, 61, 62, 63, 66, 67, 77, 78, 79, 80, 81, 83, 84, 85, 86, 88, 89, 90, 93, 95, 96, 97, 100, 101, 102, 103, 104, 106, 107, 108, 109, 110, 112, 113, 114, 117, 118, 119, 121, 123, 132, 133, 135, 137, 138, 139, 141, 143, 144, 145, 147, 149, 150, 151, 152, 154, 157, 158, 160, 162, 173, 174, 175, 177, 178, 181, 182, 183, 184, 185, 188, 190, 191, 192, 193, 194, 202, 203, 206, 207, 208, 209, 212, 214, 215, 217, 224, 225, 227, 229, 230, 231, 233, 234, 235, 236, 237, 239, 240, 243, 244, 245, 247, 248, 249, 251, 253, 261, 262, 264, 266, 267, 269, 272, 273, 274, 276, 277, 278, 279, 280, 282, 285, 288, 289, 290, 291, 292, 299, 301, 302, 304, 309, 311, 312, 313, 314, 315, 317, 318, 320, 322, 323, 324, 327, 328, 329, 330, 331, 332, 333, 335, 336, 338, 340, 347, 350, 351, 353, 354, 355, 357, 358, 359, 360, 361, 363], "excluded_lines": []}}}, "nlcli/cli/history_cli.py": {"executed_lines": [1, 5, 6, 7, 8, 9, 10, 12, 14, 15, 19, 20, 21, 22, 63, 64, 65, 66, 67, 116, 117, 118, 119, 144, 145, 146, 220, 221, 222, 223, 275, 276, 277], "summary": {"covered_lines": 32, "num_statements": 185, "percent_covered": 17.2972972972973, "percent_covered_display": "17", "missing_lines": 153, "excluded_lines": 0}, "missing_lines": [17, 25, 26, 28, 29, 30, 33, 34, 35, 36, 37, 38, 40, 42, 43, 46, 47, 50, 51, 53, 61, 70, 71, 73, 74, 75, 77, 80, 81, 82, 83, 84, 85, 87, 89, 90, 93, 94, 97, 98, 101, 102, 103, 104, 106, 114, 122, 123, 124, 125, 126, 128, 130, 132, 135, 136, 137, 139, 141, 142, 149, 151, 153, 155, 156, 157, 160, 161, 162, 163, 166, 167, 169, 170, 171, 173, 174, 177, 178, 181, 182, 183, 185, 186, 187, 189, 192, 193, 194, 195, 196, 198, 199, 200, 202, 205, 206, 207, 208, 209, 211, 212, 213, 215, 217, 218, 226, 228, 230, 231, 233, 234, 235, 236, 238, 239, 240, 242, 243, 244, 246, 247, 249, 250, 253, 261, 262, 263, 264, 266, 267, 268, 270, 272, 273, 280, 282, 283, 285, 286, 287, 290, 292, 294, 297, 299, 300, 301, 302, 304, 306, 308, 309], "excluded_lines": [], "functions": {"history": {"executed_lines": [], "summary": {"covered_lines": 0, "num_statements": 1, "percent_covered": 0.0, "percent_covered_display": "0", "missing_lines": 1, "excluded_lines": 0}, "missing_lines": [17], "excluded_lines": []}, "show": {"executed_lines": [], "summary": {"covered_lines": 0, "num_statements": 20, "percent_covered": 0.0, "percent_covered_display": "0", "missing_lines": 20, "excluded_lines": 0}, "missing_lines": [25, 26, 28, 29, 30, 33, 34, 35, 36, 37, 38, 40, 42, 43, 46, 47, 50, 51, 53, 61], "excluded_lines": []}, "search": {"executed_lines": [], "summary": {"covered_lines": 0, "num_statements": 25, "percent_covered": 0.0, "percent_covered_display": "0", "missing_lines": 25, "excluded_lines": 0}, "missing_lines": [70, 71, 73, 74, 75, 77, 80, 81, 82, 83, 84, 85, 87, 89, 90, 93, 94, 97, 98, 101, 102, 103, 104, 106, 114], "excluded_lines": []}, "clear": {"executed_lines": [], "summary": {"covered_lines": 0, "num_statements": 14, "percent_covered": 0.0, "percent_covered_display": "0", "missing_lines": 14, "excluded_lines": 0}, "missing_lines": [122, 123, 124, 125, 126, 128, 130, 132, 135, 136, 137, 139, 141, 142], "excluded_lines": []}, "stats": {"executed_lines": [], "summary": {"covered_lines": 0, "num_statements": 46, "percent_covered": 0.0, "percent_covered_display": "0", "missing_lines": 46, "excluded_lines": 0}, "missing_lines": [149, 151, 153, 155, 156, 157, 160, 161, 162, 163, 166, 167, 169, 170, 171, 173, 174, 177, 178, 181, 182, 183, 185, 186, 187, 189, 192, 193, 194, 195, 196, 198, 199, 200, 202, 205, 206, 207, 208, 209, 211, 212, 213, 215, 217, 218], "excluded_lines": []}, "repeat": {"executed_lines": [], "summary": {"covered_lines": 0, "num_statements": 29, "percent_covered": 0.0, "percent_covered_display": "0", "missing_lines": 29, "excluded_lines": 0}, "missing_lines": [226, 228, 230, 231, 233, 234, 235, 236, 238, 239, 240, 242, 243, 244, 246, 247, 249, 250, 253, 261, 262, 263, 264, 266, 267, 268, 270, 272, 273], "excluded_lines": []}, "export": {"executed_lines": [], "summary": {"covered_lines": 0, "num_statements": 18, "percent_covered": 0.0, "percent_covered_display": "0", "missing_lines": 18, "excluded_lines": 0}, "missing_lines": [280, 282, 283, 285, 286, 287, 290, 292, 294, 297, 299, 300, 301, 302, 304, 306, 308, 309], "excluded_lines": []}, "": {"executed_lines": [1, 5, 6, 7, 8, 9, 10, 12, 14, 15, 19, 20, 21, 22, 63, 64, 65, 66, 67, 116, 117, 118, 119, 144, 145, 146, 220, 221, 222, 223, 275, 276, 277], "summary": {"covered_lines": 32, "num_statements": 32, "percent_covered": 100.0, "percent_covered_display": "100", "missing_lines": 0, "excluded_lines": 0}, "missing_lines": [], "excluded_lines": []}}, "classes": {"": {"executed_lines": [1, 5, 6, 7, 8, 9, 10, 12, 14, 15, 19, 20, 21, 22, 63, 64, 65, 66, 67, 116, 117, 118, 119, 144, 145, 146, 220, 221, 222, 223, 275, 276, 277], "summary": {"covered_lines": 32, "num_statements": 185, "percent_covered": 17.2972972972973, "percent_covered_display": "17", "missing_lines": 153, "excluded_lines": 0}, "missing_lines": [17, 25, 26, 28, 29, 30, 33, 34, 35, 36, 37, 38, 40, 42, 43, 46, 47, 50, 51, 53, 61, 70, 71, 73, 74, 75, 77, 80, 81, 82, 83, 84, 85, 87, 89, 90, 93, 94, 97, 98, 101, 102, 103, 104, 106, 114, 122, 123, 124, 125, 126, 128, 130, 132, 135, 136, 137, 139, 141, 142, 149, 151, 153, 155, 156, 157, 160, 161, 162, 163, 166, 167, 169, 170, 171, 173, 174, 177, 178, 181, 182, 183, 185, 186, 187, 189, 192, 193, 194, 195, 196, 198, 199, 200, 202, 205, 206, 207, 208, 209, 211, 212, 213, 215, 217, 218, 226, 228, 230, 231, 233, 234, 235, 236, 238, 239, 240, 242, 243, 244, 246, 247, 249, 250, 253, 261, 262, 263, 264, 266, 267, 268, 270, 272, 273, 280, 282, 283, 285, 286, 287, 290, 292, 294, 297, 299, 300, 301, 302, 304, 306, 308, 309], "excluded_lines": []}}}, "nlcli/cli/main.py": {"executed_lines": [1, 5, 6, 7, 8, 9, 10, 11, 12, 13, 15, 16, 17, 18, 19, 20, 22, 23, 24, 25, 26, 27, 28, 30, 31, 33, 37, 38, 39, 40, 41, 75, 230, 244, 256, 282, 303, 304, 305, 306, 307, 308, 351, 352, 353, 354, 366, 367, 368, 387, 388, 389, 433, 434, 435, 437], "summary": {"covered_lines": 55, "num_statements": 252, "percent_covered": 21.825396825396826, "percent_covered_display": "22", "missing_lines": 197, "excluded_lines": 0}, "missing_lines": [35, 45, 48, 49, 52, 53, 54, 56, 57, 61, 63, 67, 68, 69, 72, 73, 79, 80, 82, 83, 84, 85, 86, 89, 90, 91, 94, 97, 98, 102, 104, 106, 107, 108, 110, 112, 113, 115, 116, 117, 119, 120, 121, 123, 124, 125, 127, 128, 129, 132, 133, 135, 136, 137, 140, 141, 142, 143, 144, 145, 146, 147, 148, 149, 150, 152, 154, 155, 156, 158, 159, 160, 163, 169, 172, 174, 175, 176, 177, 178, 181, 182, 183, 184, 187, 188, 191, 194, 202, 203, 209, 210, 212, 214, 215, 216, 218, 219, 220, 221, 222, 226, 234, 235, 236, 237, 239, 240, 242, 247, 248, 249, 250, 252, 253, 254, 259, 261, 262, 263, 266, 267, 270, 271, 272, 280, 285, 301, 311, 312, 313, 314, 316, 318, 320, 321, 322, 324, 325, 326, 329, 331, 332, 335, 337, 338, 339, 340, 343, 344, 345, 346, 348, 349, 357, 358, 360, 361, 362, 364, 371, 372, 374, 375, 376, 378, 379, 380, 381, 382, 383, 385, 392, 394, 395, 396, 399, 400, 403, 404, 405, 407, 408, 409, 410, 411, 413, 416, 417, 418, 419, 420, 421, 423, 424, 430, 438], "excluded_lines": [], "functions": {"main": {"executed_lines": [], "summary": {"covered_lines": 0, "num_statements": 1, "percent_covered": 0.0, "percent_covered_display": "0", "missing_lines": 1, "excluded_lines": 0}, "missing_lines": [35], "excluded_lines": []}, "cli": {"executed_lines": [], "summary": {"covered_lines": 0, "num_statements": 15, "percent_covered": 0.0, "percent_covered_display": "0", "missing_lines": 15, "excluded_lines": 0}, "missing_lines": [45, 48, 49, 52, 53, 54, 56, 57, 61, 63, 67, 68, 69, 72, 73], "excluded_lines": []}, "interactive_mode": {"executed_lines": [], "summary": {"covered_lines": 0, "num_statements": 86, "percent_covered": 0.0, "percent_covered_display": "0", "missing_lines": 86, "excluded_lines": 0}, "missing_lines": [79, 80, 82, 83, 84, 85, 86, 89, 90, 91, 94, 97, 98, 102, 104, 106, 107, 108, 110, 112, 113, 115, 116, 117, 119, 120, 121, 123, 124, 125, 127, 128, 129, 132, 133, 135, 136, 137, 140, 141, 142, 143, 144, 145, 146, 147, 148, 149, 150, 152, 154, 155, 156, 158, 159, 160, 163, 169, 172, 174, 175, 176, 177, 178, 181, 182, 183, 184, 187, 188, 191, 194, 202, 203, 209, 210, 212, 214, 215, 216, 218, 219, 220, 221, 222, 226], "excluded_lines": []}, "display_translation": {"executed_lines": [], "summary": {"covered_lines": 0, "num_statements": 7, "percent_covered": 0.0, "percent_covered_display": "0", "missing_lines": 7, "excluded_lines": 0}, "missing_lines": [234, 235, 236, 237, 239, 240, 242], "excluded_lines": []}, "display_execution_result": {"executed_lines": [], "summary": {"covered_lines": 0, "num_statements": 7, "percent_covered": 0.0, "percent_covered_display": "0", "missing_lines": 7, "excluded_lines": 0}, "missing_lines": [247, 248, 249, 250, 252, 253, 254], "excluded_lines": []}, "show_history": {"executed_lines": [], "summary": {"covered_lines": 0, "num_statements": 10, "percent_covered": 0.0, "percent_covered_display": "0", "missing_lines": 10, "excluded_lines": 0}, "missing_lines": [259, 261, 262, 263, 266, 267, 270, 271, 272, 280], "excluded_lines": []}, "show_help": {"executed_lines": [], "summary": {"covered_lines": 0, "num_statements": 2, "percent_covered": 0.0, "percent_covered_display": "0", "missing_lines": 2, "excluded_lines": 0}, "missing_lines": [285, 301], "excluded_lines": []}, "translate": {"executed_lines": [], "summary": {"covered_lines": 0, "num_statements": 26, "percent_covered": 0.0, "percent_covered_display": "0", "missing_lines": 26, "excluded_lines": 0}, "missing_lines": [311, 312, 313, 314, 316, 318, 320, 321, 322, 324, 325, 326, 329, 331, 332, 335, 337, 338, 339, 340, 343, 344, 345, 346, 348, 349], "excluded_lines": []}, "history": {"executed_lines": [], "summary": {"covered_lines": 0, "num_statements": 6, "percent_covered": 0.0, "percent_covered_display": "0", "missing_lines": 6, "excluded_lines": 0}, "missing_lines": [357, 358, 360, 361, 362, 364], "excluded_lines": []}, "config": {"executed_lines": [], "summary": {"covered_lines": 0, "num_statements": 12, "percent_covered": 0.0, "percent_covered_display": "0", "missing_lines": 12, "excluded_lines": 0}, "missing_lines": [371, 372, 374, 375, 376, 378, 379, 380, 381, 382, 383, 385], "excluded_lines": []}, "performance": {"executed_lines": [], "summary": {"covered_lines": 0, "num_statements": 24, "percent_covered": 0.0, "percent_covered_display": "0", "missing_lines": 24, "excluded_lines": 0}, "missing_lines": [392, 394, 395, 396, 399, 400, 403, 404, 405, 407, 408, 409, 410, 411, 413, 416, 417, 418, 419, 420, 421, 423, 424, 430], "excluded_lines": []}, "": {"executed_lines": [1, 5, 6, 7, 8, 9, 10, 11, 12, 13, 15, 16, 17, 18, 19, 20, 22, 23, 24, 25, 26, 27, 28, 30, 31, 33, 37, 38, 39, 40, 41, 75, 230, 244, 256, 282, 303, 304, 305, 306, 307, 308, 351, 352, 353, 354, 366, 367, 368, 387, 388, 389, 433, 434, 435, 437], "summary": {"covered_lines": 55, "num_statements": 56, "percent_covered": 98.21428571428571, "percent_covered_display": "98", "missing_lines": 1, "excluded_lines": 0}, "missing_lines": [438], "excluded_lines": []}}, "classes": {"": {"executed_lines": [1, 5, 6, 7, 8, 9, 10, 11, 12, 13, 15, 16, 17, 18, 19, 20, 22, 23, 24, 25, 26, 27, 28, 30, 31, 33, 37, 38, 39, 40, 41, 75, 230, 244, 256, 282, 303, 304, 305, 306, 307, 308, 351, 352, 353, 354, 366, 367, 368, 387, 388, 389, 433, 434, 435, 437], "summary": {"covered_lines": 55, "num_statements": 252, "percent_covered": 21.825396825396826, "percent_covered_display": "22", "missing_lines": 197, "excluded_lines": 0}, "missing_lines": [35, 45, 48, 49, 52, 53, 54, 56, 57, 61, 63, 67, 68, 69, 72, 73, 79, 80, 82, 83, 84, 85, 86, 89, 90, 91, 94, 97, 98, 102, 104, 106, 107, 108, 110, 112, 113, 115, 116, 117, 119, 120, 121, 123, 124, 125, 127, 128, 129, 132, 133, 135, 136, 137, 140, 141, 142, 143, 144, 145, 146, 147, 148, 149, 150, 152, 154, 155, 156, 158, 159, 160, 163, 169, 172, 174, 175, 176, 177, 178, 181, 182, 183, 184, 187, 188, 191, 194, 202, 203, 209, 210, 212, 214, 215, 216, 218, 219, 220, 221, 222, 226, 234, 235, 236, 237, 239, 240, 242, 247, 248, 249, 250, 252, 253, 254, 259, 261, 262, 263, 266, 267, 270, 271, 272, 280, 285, 301, 311, 312, 313, 314, 316, 318, 320, 321, 322, 324, 325, 326, 329, 331, 332, 335, 337, 338, 339, 340, 343, 344, 345, 346, 348, 349, 357, 358, 360, 361, 362, 364, 371, 372, 374, 375, 376, 378, 379, 380, 381, 382, 383, 385, 392, 394, 395, 396, 399, 400, 403, 404, 405, 407, 408, 409, 410, 411, 413, 416, 417, 418, 419, 420, 421, 423, 424, 430, 438], "excluded_lines": []}}}, "nlcli/context/__init__.py": {"executed_lines": [1, 10, 11, 12, 14], "summary": {"covered_lines": 4, "num_statements": 4, "percent_covered": 100.0, "percent_covered_display": "100", "missing_lines": 0, "excluded_lines": 0}, "missing_lines": [], "excluded_lines": [], "functions": {"": {"executed_lines": [1, 10, 11, 12, 14], "summary": {"covered_lines": 4, "num_statements": 4, "percent_covered": 100.0, "percent_covered_display": "100", "missing_lines": 0, "excluded_lines": 0}, "missing_lines": [], "excluded_lines": []}}, "classes": {"": {"executed_lines": [1, 10, 11, 12, 14], "summary": {"covered_lines": 4, "num_statements": 4, "percent_covered": 100.0, "percent_covered_display": "100", "missing_lines": 0, "excluded_lines": 0}, "missing_lines": [], "excluded_lines": []}}}, "nlcli/context/context_manager.py": {"executed_lines": [1, 6, 7, 8, 9, 10, 11, 12, 14, 16, 17, 19, 27, 28, 29, 32, 33, 34, 35, 36, 39, 40, 41, 43, 46, 47, 57, 73, 77, 130, 131, 138, 141, 143, 144, 148, 151, 154, 157, 162, 173, 176, 178, 183, 185, 190, 195, 200, 213, 216, 218, 219, 222, 223, 224, 225, 227, 239, 242, 243, 244, 245, 246, 248, 258, 261, 262, 274, 275, 277, 278, 279, 280, 281, 283, 288, 320, 360, 399, 449, 519, 546, 561, 585, 615, 660, 683, 716, 743, 767, 795, 813, 829, 881], "summary": {"covered_lines": 92, "num_statements": 374, "percent_covered": 24.59893048128342, "percent_covered_display": "25", "missing_lines": 282, "excluded_lines": 0}, "missing_lines": [48, 49, 50, 51, 52, 53, 54, 55, 60, 61, 67, 68, 70, 71, 132, 133, 134, 135, 136, 145, 159, 160, 165, 167, 168, 170, 171, 207, 209, 210, 211, 236, 237, 255, 256, 285, 286, 299, 302, 303, 306, 307, 310, 311, 312, 315, 316, 318, 323, 324, 327, 328, 337, 346, 347, 348, 349, 350, 358, 363, 364, 367, 368, 370, 371, 372, 381, 382, 383, 385, 386, 387, 394, 395, 397, 402, 403, 405, 406, 409, 410, 419, 420, 438, 439, 447, 452, 453, 454, 457, 458, 459, 460, 468, 469, 470, 479, 480, 481, 482, 483, 490, 491, 499, 500, 517, 522, 534, 537, 540, 543, 544, 549, 564, 565, 566, 569, 570, 571, 572, 573, 574, 575, 576, 577, 578, 580, 581, 583, 588, 589, 591, 592, 598, 599, 600, 603, 604, 605, 606, 607, 608, 610, 611, 613, 618, 619, 621, 623, 624, 627, 630, 631, 637, 640, 641, 643, 646, 651, 654, 655, 657, 658, 663, 665, 666, 669, 670, 673, 674, 677, 678, 680, 681, 686, 688, 690, 692, 693, 694, 696, 697, 699, 702, 703, 704, 707, 708, 711, 713, 714, 719, 720, 722, 724, 725, 727, 734, 737, 738, 740, 741, 746, 747, 749, 751, 754, 756, 757, 759, 760, 762, 764, 765, 770, 771, 773, 775, 776, 778, 786, 789, 790, 792, 793, 798, 799, 800, 801, 802, 803, 804, 805, 806, 807, 808, 809, 811, 816, 817, 818, 819, 820, 821, 822, 823, 824, 825, 827, 832, 834, 836, 837, 840, 841, 842, 843, 852, 853, 854, 855, 864, 865, 867, 868, 871, 872, 874, 875, 876, 877, 879, 884, 886, 887, 889, 890, 892, 893, 895, 897, 898], "excluded_lines": [], "functions": {"ContextManager.__init__": {"executed_lines": [27, 28, 29, 32, 33, 34, 35, 36, 39, 40, 41], "summary": {"covered_lines": 11, "num_statements": 11, "percent_covered": 100.0, "percent_covered_display": "100", "missing_lines": 0, "excluded_lines": 0}, "missing_lines": [], "excluded_lines": []}, "ContextManager._load_context": {"executed_lines": [46, 47], "summary": {"covered_lines": 2, "num_statements": 10, "percent_covered": 20.0, "percent_covered_display": "20", "missing_lines": 8, "excluded_lines": 0}, "missing_lines": [48, 49, 50, 51, 52, 53, 54, 55], "excluded_lines": []}, "ContextManager._save_context": {"executed_lines": [], "summary": {"covered_lines": 0, "num_statements": 6, "percent_covered": 0.0, "percent_covered_display": "0", "missing_lines": 6, "excluded_lines": 0}, "missing_lines": [60, 61, 67, 68, 70, 71], "excluded_lines": []}, "ContextManager._load_shortcuts": {"executed_lines": [77, 130, 131], "summary": {"covered_lines": 3, "num_statements": 8, "percent_covered": 37.5, "percent_covered_display": "38", "missing_lines": 5, "excluded_lines": 0}, "missing_lines": [132, 133, 134, 135, 136], "excluded_lines": []}, "ContextManager._detect_environment": {"executed_lines": [141, 143, 144, 148, 151, 154, 157], "summary": {"covered_lines": 7, "num_statements": 10, "percent_covered": 70.0, "percent_covered_display": "70", "missing_lines": 3, "excluded_lines": 0}, "missing_lines": [145, 159, 160], "excluded_lines": []}, "ContextManager._track_directory_change": {"executed_lines": [], "summary": {"covered_lines": 0, "num_statements": 5, "percent_covered": 0.0, "percent_covered_display": "0", "missing_lines": 5, "excluded_lines": 0}, "missing_lines": [165, 167, 168, 170, 171], "excluded_lines": []}, "ContextManager._detect_git_context": {"executed_lines": [176, 178, 183, 185, 190, 195, 200], "summary": {"covered_lines": 7, "num_statements": 11, "percent_covered": 63.63636363636363, "percent_covered_display": "64", "missing_lines": 4, "excluded_lines": 0}, "missing_lines": [207, 209, 210, 211], "excluded_lines": []}, "ContextManager._detect_python_context": {"executed_lines": [216, 218, 219, 222, 223, 224, 225, 227], "summary": {"covered_lines": 8, "num_statements": 10, "percent_covered": 80.0, "percent_covered_display": "80", "missing_lines": 2, "excluded_lines": 0}, "missing_lines": [236, 237], "excluded_lines": []}, "ContextManager._detect_node_context": {"executed_lines": [242, 243, 244, 245, 246, 248], "summary": {"covered_lines": 6, "num_statements": 8, "percent_covered": 75.0, "percent_covered_display": "75", "missing_lines": 2, "excluded_lines": 0}, "missing_lines": [255, 256], "excluded_lines": []}, "ContextManager._detect_project_type": {"executed_lines": [261, 262, 274, 275, 277, 278, 279, 280, 281, 283], "summary": {"covered_lines": 10, "num_statements": 12, "percent_covered": 83.33333333333333, "percent_covered_display": "83", "missing_lines": 2, "excluded_lines": 0}, "missing_lines": [285, 286], "excluded_lines": []}, "ContextManager.get_context_suggestions": {"executed_lines": [], "summary": {"covered_lines": 0, "num_statements": 11, "percent_covered": 0.0, "percent_covered_display": "0", "missing_lines": 11, "excluded_lines": 0}, "missing_lines": [299, 302, 303, 306, 307, 310, 311, 312, 315, 316, 318], "excluded_lines": []}, "ContextManager._get_shortcut_suggestions": {"executed_lines": [], "summary": {"covered_lines": 0, "num_statements": 11, "percent_covered": 0.0, "percent_covered_display": "0", "missing_lines": 11, "excluded_lines": 0}, "missing_lines": [323, 324, 327, 328, 337, 346, 347, 348, 349, 350, 358], "excluded_lines": []}, "ContextManager._get_directory_suggestions": {"executed_lines": [], "summary": {"covered_lines": 0, "num_statements": 16, "percent_covered": 0.0, "percent_covered_display": "0", "missing_lines": 16, "excluded_lines": 0}, "missing_lines": [363, 364, 367, 368, 370, 371, 372, 381, 382, 383, 385, 386, 387, 394, 395, 397], "excluded_lines": []}, "ContextManager._get_git_suggestions": {"executed_lines": [], "summary": {"covered_lines": 0, "num_statements": 11, "percent_covered": 0.0, "percent_covered_display": "0", "missing_lines": 11, "excluded_lines": 0}, "missing_lines": [402, 403, 405, 406, 409, 410, 419, 420, 438, 439, 447], "excluded_lines": []}, "ContextManager._get_project_suggestions": {"executed_lines": [], "summary": {"covered_lines": 0, "num_statements": 20, "percent_covered": 0.0, "percent_covered_display": "0", "missing_lines": 20, "excluded_lines": 0}, "missing_lines": [452, 453, 454, 457, 458, 459, 460, 468, 469, 470, 479, 480, 481, 482, 483, 490, 491, 499, 500, 517], "excluded_lines": []}, "ContextManager.update_command_history": {"executed_lines": [], "summary": {"covered_lines": 0, "num_statements": 6, "percent_covered": 0.0, "percent_covered_display": "0", "missing_lines": 6, "excluded_lines": 0}, "missing_lines": [522, 534, 537, 540, 543, 544], "excluded_lines": []}, "ContextManager.get_context_info": {"executed_lines": [], "summary": {"covered_lines": 0, "num_statements": 1, "percent_covered": 0.0, "percent_covered_display": "0", "missing_lines": 1, "excluded_lines": 0}, "missing_lines": [549], "excluded_lines": []}, "ContextManager._detect_current_project_type": {"executed_lines": [], "summary": {"covered_lines": 0, "num_statements": 16, "percent_covered": 0.0, "percent_covered_display": "0", "missing_lines": 16, "excluded_lines": 0}, "missing_lines": [564, 565, 566, 569, 570, 571, 572, 573, 574, 575, 576, 577, 578, 580, 581, 583], "excluded_lines": []}, "ContextManager._extract_file_references": {"executed_lines": [], "summary": {"covered_lines": 0, "num_statements": 16, "percent_covered": 0.0, "percent_covered_display": "0", "missing_lines": 16, "excluded_lines": 0}, "missing_lines": [588, 589, 591, 592, 598, 599, 600, 603, 604, 605, 606, 607, 608, 610, 611, 613], "excluded_lines": []}, "ContextManager._learn_command_patterns": {"executed_lines": [], "summary": {"covered_lines": 0, "num_statements": 18, "percent_covered": 0.0, "percent_covered_display": "0", "missing_lines": 18, "excluded_lines": 0}, "missing_lines": [618, 619, 621, 623, 624, 627, 630, 631, 637, 640, 641, 643, 646, 651, 654, 655, 657, 658], "excluded_lines": []}, "ContextManager._track_command_context": {"executed_lines": [], "summary": {"covered_lines": 0, "num_statements": 11, "percent_covered": 0.0, "percent_covered_display": "0", "missing_lines": 11, "excluded_lines": 0}, "missing_lines": [663, 665, 666, 669, 670, 673, 674, 677, 678, 680, 681], "excluded_lines": []}, "ContextManager._handle_directory_change_enhanced": {"executed_lines": [], "summary": {"covered_lines": 0, "num_statements": 17, "percent_covered": 0.0, "percent_covered_display": "0", "missing_lines": 17, "excluded_lines": 0}, "missing_lines": [686, 688, 690, 692, 693, 694, 696, 697, 699, 702, 703, 704, 707, 708, 711, 713, 714], "excluded_lines": []}, "ContextManager._track_file_operation_enhanced": {"executed_lines": [], "summary": {"covered_lines": 0, "num_statements": 11, "percent_covered": 0.0, "percent_covered_display": "0", "missing_lines": 11, "excluded_lines": 0}, "missing_lines": [719, 720, 722, 724, 725, 727, 734, 737, 738, 740, 741], "excluded_lines": []}, "ContextManager._update_git_context_enhanced": {"executed_lines": [], "summary": {"covered_lines": 0, "num_statements": 12, "percent_covered": 0.0, "percent_covered_display": "0", "missing_lines": 12, "excluded_lines": 0}, "missing_lines": [746, 747, 749, 751, 754, 756, 757, 759, 760, 762, 764, 765], "excluded_lines": []}, "ContextManager._track_package_operation": {"executed_lines": [], "summary": {"covered_lines": 0, "num_statements": 11, "percent_covered": 0.0, "percent_covered_display": "0", "missing_lines": 11, "excluded_lines": 0}, "missing_lines": [770, 771, 773, 775, 776, 778, 786, 789, 790, 792, 793], "excluded_lines": []}, "ContextManager._detect_package_manager": {"executed_lines": [], "summary": {"covered_lines": 0, "num_statements": 13, "percent_covered": 0.0, "percent_covered_display": "0", "missing_lines": 13, "excluded_lines": 0}, "missing_lines": [798, 799, 800, 801, 802, 803, 804, 805, 806, 807, 808, 809, 811], "excluded_lines": []}, "ContextManager._classify_package_operation": {"executed_lines": [], "summary": {"covered_lines": 0, "num_statements": 11, "percent_covered": 0.0, "percent_covered_display": "0", "missing_lines": 11, "excluded_lines": 0}, "missing_lines": [816, 817, 818, 819, 820, 821, 822, 823, 824, 825, 827], "excluded_lines": []}, "ContextManager.get_contextual_suggestions": {"executed_lines": [], "summary": {"covered_lines": 0, "num_statements": 23, "percent_covered": 0.0, "percent_covered_display": "0", "missing_lines": 23, "excluded_lines": 0}, "missing_lines": [832, 834, 836, 837, 840, 841, 842, 843, 852, 853, 854, 855, 864, 865, 867, 868, 871, 872, 874, 875, 876, 877, 879], "excluded_lines": []}, "ContextManager._fuzzy_match": {"executed_lines": [], "summary": {"covered_lines": 0, "num_statements": 10, "percent_covered": 0.0, "percent_covered_display": "0", "missing_lines": 10, "excluded_lines": 0}, "missing_lines": [884, 886, 887, 889, 890, 892, 893, 895, 897, 898], "excluded_lines": []}, "": {"executed_lines": [1, 6, 7, 8, 9, 10, 11, 12, 14, 16, 17, 19, 43, 57, 73, 138, 162, 173, 213, 239, 258, 288, 320, 360, 399, 449, 519, 546, 561, 585, 615, 660, 683, 716, 743, 767, 795, 813, 829, 881], "summary": {"covered_lines": 38, "num_statements": 38, "percent_covered": 100.0, "percent_covered_display": "100", "missing_lines": 0, "excluded_lines": 0}, "missing_lines": [], "excluded_lines": []}}, "classes": {"ContextManager": {"executed_lines": [27, 28, 29, 32, 33, 34, 35, 36, 39, 40, 41, 46, 47, 77, 130, 131, 141, 143, 144, 148, 151, 154, 157, 176, 178, 183, 185, 190, 195, 200, 216, 218, 219, 222, 223, 224, 225, 227, 242, 243, 244, 245, 246, 248, 261, 262, 274, 275, 277, 278, 279, 280, 281, 283], "summary": {"covered_lines": 54, "num_statements": 336, "percent_covered": 16.071428571428573, "percent_covered_display": "16", "missing_lines": 282, "excluded_lines": 0}, "missing_lines": [48, 49, 50, 51, 52, 53, 54, 55, 60, 61, 67, 68, 70, 71, 132, 133, 134, 135, 136, 145, 159, 160, 165, 167, 168, 170, 171, 207, 209, 210, 211, 236, 237, 255, 256, 285, 286, 299, 302, 303, 306, 307, 310, 311, 312, 315, 316, 318, 323, 324, 327, 328, 337, 346, 347, 348, 349, 350, 358, 363, 364, 367, 368, 370, 371, 372, 381, 382, 383, 385, 386, 387, 394, 395, 397, 402, 403, 405, 406, 409, 410, 419, 420, 438, 439, 447, 452, 453, 454, 457, 458, 459, 460, 468, 469, 470, 479, 480, 481, 482, 483, 490, 491, 499, 500, 517, 522, 534, 537, 540, 543, 544, 549, 564, 565, 566, 569, 570, 571, 572, 573, 574, 575, 576, 577, 578, 580, 581, 583, 588, 589, 591, 592, 598, 599, 600, 603, 604, 605, 606, 607, 608, 610, 611, 613, 618, 619, 621, 623, 624, 627, 630, 631, 637, 640, 641, 643, 646, 651, 654, 655, 657, 658, 663, 665, 666, 669, 670, 673, 674, 677, 678, 680, 681, 686, 688, 690, 692, 693, 694, 696, 697, 699, 702, 703, 704, 707, 708, 711, 713, 714, 719, 720, 722, 724, 725, 727, 734, 737, 738, 740, 741, 746, 747, 749, 751, 754, 756, 757, 759, 760, 762, 764, 765, 770, 771, 773, 775, 776, 778, 786, 789, 790, 792, 793, 798, 799, 800, 801, 802, 803, 804, 805, 806, 807, 808, 809, 811, 816, 817, 818, 819, 820, 821, 822, 823, 824, 825, 827, 832, 834, 836, 837, 840, 841, 842, 843, 852, 853, 854, 855, 864, 865, 867, 868, 871, 872, 874, 875, 876, 877, 879, 884, 886, 887, 889, 890, 892, 893, 895, 897, 898], "excluded_lines": []}, "": {"executed_lines": [1, 6, 7, 8, 9, 10, 11, 12, 14, 16, 17, 19, 43, 57, 73, 138, 162, 173, 213, 239, 258, 288, 320, 360, 399, 449, 519, 546, 561, 585, 615, 660, 683, 716, 743, 767, 795, 813, 829, 881], "summary": {"covered_lines": 38, "num_statements": 38, "percent_covered": 100.0, "percent_covered_display": "100", "missing_lines": 0, "excluded_lines": 0}, "missing_lines": [], "excluded_lines": []}}}, "nlcli/context/environment_context.py": {"executed_lines": [1, 5, 6, 7, 8, 9, 10, 11, 13, 15, 16, 17, 18, 19, 20, 21, 22, 23, 24, 27, 28, 29, 30, 33, 34, 35, 38, 39, 40, 41, 43, 44, 46, 47, 48, 49, 50, 53, 111, 152, 204, 254, 271, 296, 316, 406, 520, 531, 542], "summary": {"covered_lines": 46, "num_statements": 220, "percent_covered": 20.90909090909091, "percent_covered_display": "21", "missing_lines": 174, "excluded_lines": 0}, "missing_lines": [121, 122, 124, 125, 127, 129, 130, 133, 134, 135, 138, 139, 140, 142, 145, 146, 147, 148, 150, 163, 164, 166, 167, 169, 172, 173, 174, 175, 176, 177, 179, 180, 181, 183, 184, 185, 186, 187, 190, 191, 192, 193, 194, 195, 196, 197, 198, 199, 200, 202, 211, 214, 223, 228, 233, 237, 238, 241, 242, 243, 244, 245, 246, 247, 248, 250, 252, 256, 257, 259, 261, 262, 264, 265, 266, 267, 268, 269, 273, 274, 276, 278, 279, 281, 282, 284, 285, 286, 287, 289, 290, 291, 292, 293, 294, 298, 299, 301, 302, 304, 314, 326, 328, 331, 334, 337, 338, 341, 342, 343, 344, 345, 348, 351, 354, 355, 356, 357, 358, 361, 362, 363, 364, 365, 368, 383, 384, 385, 386, 387, 388, 391, 392, 393, 394, 396, 399, 400, 402, 404, 417, 418, 420, 423, 426, 427, 455, 456, 478, 479, 495, 496, 506, 507, 508, 509, 518, 522, 523, 524, 525, 526, 527, 529, 533, 534, 535, 536, 537, 538, 540, 544, 545, 547], "excluded_lines": [], "functions": {"EnvironmentContextManager.__init__": {"executed_lines": [47, 48, 49, 50, 53], "summary": {"covered_lines": 5, "num_statements": 5, "percent_covered": 100.0, "percent_covered_display": "100", "missing_lines": 0, "excluded_lines": 0}, "missing_lines": [], "excluded_lines": []}, "EnvironmentContextManager.detect_project_type": {"executed_lines": [], "summary": {"covered_lines": 0, "num_statements": 19, "percent_covered": 0.0, "percent_covered_display": "0", "missing_lines": 19, "excluded_lines": 0}, "missing_lines": [121, 122, 124, 125, 127, 129, 130, 133, 134, 135, 138, 139, 140, 142, 145, 146, 147, 148, 150], "excluded_lines": []}, "EnvironmentContextManager.detect_framework": {"executed_lines": [], "summary": {"covered_lines": 0, "num_statements": 31, "percent_covered": 0.0, "percent_covered_display": "0", "missing_lines": 31, "excluded_lines": 0}, "missing_lines": [163, 164, 166, 167, 169, 172, 173, 174, 175, 176, 177, 179, 180, 181, 183, 184, 185, 186, 187, 190, 191, 192, 193, 194, 195, 196, 197, 198, 199, 200, 202], "excluded_lines": []}, "EnvironmentContextManager.scan_environment_variables": {"executed_lines": [], "summary": {"covered_lines": 0, "num_statements": 17, "percent_covered": 0.0, "percent_covered_display": "0", "missing_lines": 17, "excluded_lines": 0}, "missing_lines": [211, 214, 223, 228, 233, 237, 238, 241, 242, 243, 244, 245, 246, 247, 248, 250, 252], "excluded_lines": []}, "EnvironmentContextManager.parse_package_json": {"executed_lines": [], "summary": {"covered_lines": 0, "num_statements": 11, "percent_covered": 0.0, "percent_covered_display": "0", "missing_lines": 11, "excluded_lines": 0}, "missing_lines": [256, 257, 259, 261, 262, 264, 265, 266, 267, 268, 269], "excluded_lines": []}, "EnvironmentContextManager.parse_requirements_txt": {"executed_lines": [], "summary": {"covered_lines": 0, "num_statements": 17, "percent_covered": 0.0, "percent_covered_display": "0", "missing_lines": 17, "excluded_lines": 0}, "missing_lines": [273, 274, 276, 278, 279, 281, 282, 284, 285, 286, 287, 289, 290, 291, 292, 293, 294], "excluded_lines": []}, "EnvironmentContextManager.detect_development_tools": {"executed_lines": [], "summary": {"covered_lines": 0, "num_statements": 6, "percent_covered": 0.0, "percent_covered_display": "0", "missing_lines": 6, "excluded_lines": 0}, "missing_lines": [298, 299, 301, 302, 304, 314], "excluded_lines": []}, "EnvironmentContextManager.get_project_environment": {"executed_lines": [], "summary": {"covered_lines": 0, "num_statements": 39, "percent_covered": 0.0, "percent_covered_display": "0", "missing_lines": 39, "excluded_lines": 0}, "missing_lines": [326, 328, 331, 334, 337, 338, 341, 342, 343, 344, 345, 348, 351, 354, 355, 356, 357, 358, 361, 362, 363, 364, 365, 368, 383, 384, 385, 386, 387, 388, 391, 392, 393, 394, 396, 399, 400, 402, 404], "excluded_lines": []}, "EnvironmentContextManager.suggest_environment_command": {"executed_lines": [], "summary": {"covered_lines": 0, "num_statements": 17, "percent_covered": 0.0, "percent_covered_display": "0", "missing_lines": 17, "excluded_lines": 0}, "missing_lines": [417, 418, 420, 423, 426, 427, 455, 456, 478, 479, 495, 496, 506, 507, 508, 509, 518], "excluded_lines": []}, "EnvironmentContextManager._get_python_run_command": {"executed_lines": [], "summary": {"covered_lines": 0, "num_statements": 7, "percent_covered": 0.0, "percent_covered_display": "0", "missing_lines": 7, "excluded_lines": 0}, "missing_lines": [522, 523, 524, 525, 526, 527, 529], "excluded_lines": []}, "EnvironmentContextManager._get_database_command": {"executed_lines": [], "summary": {"covered_lines": 0, "num_statements": 7, "percent_covered": 0.0, "percent_covered_display": "0", "missing_lines": 7, "excluded_lines": 0}, "missing_lines": [533, 534, 535, 536, 537, 538, 540], "excluded_lines": []}, "EnvironmentContextManager.get_environment_summary": {"executed_lines": [], "summary": {"covered_lines": 0, "num_statements": 3, "percent_covered": 0.0, "percent_covered_display": "0", "missing_lines": 3, "excluded_lines": 0}, "missing_lines": [544, 545, 547], "excluded_lines": []}, "": {"executed_lines": [1, 5, 6, 7, 8, 9, 10, 11, 13, 15, 16, 17, 18, 19, 20, 21, 22, 23, 24, 27, 28, 29, 30, 33, 34, 35, 38, 39, 40, 41, 43, 44, 46, 111, 152, 204, 254, 271, 296, 316, 406, 520, 531, 542], "summary": {"covered_lines": 41, "num_statements": 41, "percent_covered": 100.0, "percent_covered_display": "100", "missing_lines": 0, "excluded_lines": 0}, "missing_lines": [], "excluded_lines": []}}, "classes": {"ProjectEnvironment": {"executed_lines": [], "summary": {"covered_lines": 0, "num_statements": 0, "percent_covered": 100.0, "percent_covered_display": "100", "missing_lines": 0, "excluded_lines": 0}, "missing_lines": [], "excluded_lines": []}, "EnvironmentContextManager": {"executed_lines": [47, 48, 49, 50, 53], "summary": {"covered_lines": 5, "num_statements": 179, "percent_covered": 2.793296089385475, "percent_covered_display": "3", "missing_lines": 174, "excluded_lines": 0}, "missing_lines": [121, 122, 124, 125, 127, 129, 130, 133, 134, 135, 138, 139, 140, 142, 145, 146, 147, 148, 150, 163, 164, 166, 167, 169, 172, 173, 174, 175, 176, 177, 179, 180, 181, 183, 184, 185, 186, 187, 190, 191, 192, 193, 194, 195, 196, 197, 198, 199, 200, 202, 211, 214, 223, 228, 233, 237, 238, 241, 242, 243, 244, 245, 246, 247, 248, 250, 252, 256, 257, 259, 261, 262, 264, 265, 266, 267, 268, 269, 273, 274, 276, 278, 279, 281, 282, 284, 285, 286, 287, 289, 290, 291, 292, 293, 294, 298, 299, 301, 302, 304, 314, 326, 328, 331, 334, 337, 338, 341, 342, 343, 344, 345, 348, 351, 354, 355, 356, 357, 358, 361, 362, 363, 364, 365, 368, 383, 384, 385, 386, 387, 388, 391, 392, 393, 394, 396, 399, 400, 402, 404, 417, 418, 420, 423, 426, 427, 455, 456, 478, 479, 495, 496, 506, 507, 508, 509, 518, 522, 523, 524, 525, 526, 527, 529, 533, 534, 535, 536, 537, 538, 540, 544, 545, 547], "excluded_lines": []}, "": {"executed_lines": [1, 5, 6, 7, 8, 9, 10, 11, 13, 15, 16, 17, 18, 19, 20, 21, 22, 23, 24, 27, 28, 29, 30, 33, 34, 35, 38, 39, 40, 41, 43, 44, 46, 111, 152, 204, 254, 271, 296, 316, 406, 520, 531, 542], "summary": {"covered_lines": 41, "num_statements": 41, "percent_covered": 100.0, "percent_covered_display": "100", "missing_lines": 0, "excluded_lines": 0}, "missing_lines": [], "excluded_lines": []}}}, "nlcli/context/git_context.py": {"executed_lines": [1, 5, 6, 7, 8, 9, 10, 11, 13, 15, 16, 17, 18, 19, 20, 21, 22, 23, 24, 25, 26, 27, 28, 29, 30, 34, 35, 37, 38, 39, 40, 41, 43, 66, 105, 110, 121, 140, 186, 191, 262, 337, 346, 353, 360, 384], "summary": {"covered_lines": 43, "num_statements": 175, "percent_covered": 24.571428571428573, "percent_covered_display": "25", "missing_lines": 132, "excluded_lines": 0}, "missing_lines": [53, 54, 56, 58, 59, 60, 61, 62, 64, 77, 78, 79, 80, 81, 83, 90, 91, 93, 94, 96, 98, 99, 100, 101, 102, 103, 107, 108, 112, 116, 118, 119, 123, 124, 126, 131, 132, 133, 134, 135, 136, 138, 142, 144, 145, 154, 155, 156, 158, 159, 160, 162, 163, 166, 167, 170, 171, 174, 175, 177, 188, 189, 201, 203, 206, 209, 212, 214, 215, 216, 217, 218, 221, 224, 227, 232, 235, 238, 255, 256, 258, 260, 273, 274, 276, 277, 279, 282, 324, 325, 326, 327, 335, 339, 340, 341, 342, 344, 348, 349, 351, 355, 356, 358, 362, 363, 365, 368, 369, 370, 371, 373, 374, 375, 376, 377, 378, 379, 380, 382, 386, 388, 389, 391, 392, 394, 395, 397, 398, 400, 401, 403], "excluded_lines": [], "functions": {"GitContextManager.__init__": {"executed_lines": [38, 39, 40, 41], "summary": {"covered_lines": 4, "num_statements": 4, "percent_covered": 100.0, "percent_covered_display": "100", "missing_lines": 0, "excluded_lines": 0}, "missing_lines": [], "excluded_lines": []}, "GitContextManager.find_git_repository": {"executed_lines": [], "summary": {"covered_lines": 0, "num_statements": 9, "percent_covered": 0.0, "percent_covered_display": "0", "missing_lines": 9, "excluded_lines": 0}, "missing_lines": [53, 54, 56, 58, 59, 60, 61, 62, 64], "excluded_lines": []}, "GitContextManager._run_git_command": {"executed_lines": [], "summary": {"covered_lines": 0, "num_statements": 17, "percent_covered": 0.0, "percent_covered_display": "0", "missing_lines": 17, "excluded_lines": 0}, "missing_lines": [77, 78, 79, 80, 81, 83, 90, 91, 93, 94, 96, 98, 99, 100, 101, 102, 103], "excluded_lines": []}, "GitContextManager.get_current_branch": {"executed_lines": [], "summary": {"covered_lines": 0, "num_statements": 2, "percent_covered": 0.0, "percent_covered_display": "0", "missing_lines": 2, "excluded_lines": 0}, "missing_lines": [107, 108], "excluded_lines": []}, "GitContextManager.get_remote_tracking_branch": {"executed_lines": [], "summary": {"covered_lines": 0, "num_statements": 4, "percent_covered": 0.0, "percent_covered_display": "0", "missing_lines": 4, "excluded_lines": 0}, "missing_lines": [112, 116, 118, 119], "excluded_lines": []}, "GitContextManager.get_ahead_behind_count": {"executed_lines": [], "summary": {"covered_lines": 0, "num_statements": 10, "percent_covered": 0.0, "percent_covered_display": "0", "missing_lines": 10, "excluded_lines": 0}, "missing_lines": [123, 124, 126, 131, 132, 133, 134, 135, 136, 138], "excluded_lines": []}, "GitContextManager.get_repository_status": {"executed_lines": [], "summary": {"covered_lines": 0, "num_statements": 18, "percent_covered": 0.0, "percent_covered_display": "0", "missing_lines": 18, "excluded_lines": 0}, "missing_lines": [142, 144, 145, 154, 155, 156, 158, 159, 160, 162, 163, 166, 167, 170, 171, 174, 175, 177], "excluded_lines": []}, "GitContextManager.check_merge_conflict": {"executed_lines": [], "summary": {"covered_lines": 0, "num_statements": 2, "percent_covered": 0.0, "percent_covered_display": "0", "missing_lines": 2, "excluded_lines": 0}, "missing_lines": [188, 189], "excluded_lines": []}, "GitContextManager.get_repository_state": {"executed_lines": [], "summary": {"covered_lines": 0, "num_statements": 20, "percent_covered": 0.0, "percent_covered_display": "0", "missing_lines": 20, "excluded_lines": 0}, "missing_lines": [201, 203, 206, 209, 212, 214, 215, 216, 217, 218, 221, 224, 227, 232, 235, 238, 255, 256, 258, 260], "excluded_lines": []}, "GitContextManager.suggest_git_command": {"executed_lines": [], "summary": {"covered_lines": 0, "num_statements": 11, "percent_covered": 0.0, "percent_covered_display": "0", "missing_lines": 11, "excluded_lines": 0}, "missing_lines": [273, 274, 276, 277, 279, 282, 324, 325, 326, 327, 335], "excluded_lines": []}, "GitContextManager._get_smart_commit_command": {"executed_lines": [], "summary": {"covered_lines": 0, "num_statements": 5, "percent_covered": 0.0, "percent_covered_display": "0", "missing_lines": 5, "excluded_lines": 0}, "missing_lines": [339, 340, 341, 342, 344], "excluded_lines": []}, "GitContextManager._get_safe_branch_switch_command": {"executed_lines": [], "summary": {"covered_lines": 0, "num_statements": 3, "percent_covered": 0.0, "percent_covered_display": "0", "missing_lines": 3, "excluded_lines": 0}, "missing_lines": [348, 349, 351], "excluded_lines": []}, "GitContextManager._get_smart_push_command": {"executed_lines": [], "summary": {"covered_lines": 0, "num_statements": 3, "percent_covered": 0.0, "percent_covered_display": "0", "missing_lines": 3, "excluded_lines": 0}, "missing_lines": [355, 356, 358], "excluded_lines": []}, "GitContextManager.generate_commit_message": {"executed_lines": [], "summary": {"covered_lines": 0, "num_statements": 16, "percent_covered": 0.0, "percent_covered_display": "0", "missing_lines": 16, "excluded_lines": 0}, "missing_lines": [362, 363, 365, 368, 369, 370, 371, 373, 374, 375, 376, 377, 378, 379, 380, 382], "excluded_lines": []}, "GitContextManager.get_git_safety_warnings": {"executed_lines": [], "summary": {"covered_lines": 0, "num_statements": 12, "percent_covered": 0.0, "percent_covered_display": "0", "missing_lines": 12, "excluded_lines": 0}, "missing_lines": [386, 388, 389, 391, 392, 394, 395, 397, 398, 400, 401, 403], "excluded_lines": []}, "": {"executed_lines": [1, 5, 6, 7, 8, 9, 10, 11, 13, 15, 16, 17, 18, 19, 20, 21, 22, 23, 24, 25, 26, 27, 28, 29, 30, 34, 35, 37, 43, 66, 105, 110, 121, 140, 186, 191, 262, 337, 346, 353, 360, 384], "summary": {"covered_lines": 39, "num_statements": 39, "percent_covered": 100.0, "percent_covered_display": "100", "missing_lines": 0, "excluded_lines": 0}, "missing_lines": [], "excluded_lines": []}}, "classes": {"GitRepositoryState": {"executed_lines": [], "summary": {"covered_lines": 0, "num_statements": 0, "percent_covered": 100.0, "percent_covered_display": "100", "missing_lines": 0, "excluded_lines": 0}, "missing_lines": [], "excluded_lines": []}, "GitContextManager": {"executed_lines": [38, 39, 40, 41], "summary": {"covered_lines": 4, "num_statements": 136, "percent_covered": 2.9411764705882355, "percent_covered_display": "3", "missing_lines": 132, "excluded_lines": 0}, "missing_lines": [53, 54, 56, 58, 59, 60, 61, 62, 64, 77, 78, 79, 80, 81, 83, 90, 91, 93, 94, 96, 98, 99, 100, 101, 102, 103, 107, 108, 112, 116, 118, 119, 123, 124, 126, 131, 132, 133, 134, 135, 136, 138, 142, 144, 145, 154, 155, 156, 158, 159, 160, 162, 163, 166, 167, 170, 171, 174, 175, 177, 188, 189, 201, 203, 206, 209, 212, 214, 215, 216, 217, 218, 221, 224, 227, 232, 235, 238, 255, 256, 258, 260, 273, 274, 276, 277, 279, 282, 324, 325, 326, 327, 335, 339, 340, 341, 342, 344, 348, 349, 351, 355, 356, 358, 362, 363, 365, 368, 369, 370, 371, 373, 374, 375, 376, 377, 378, 379, 380, 382, 386, 388, 389, 391, 392, 394, 395, 397, 398, 400, 401, 403], "excluded_lines": []}, "": {"executed_lines": [1, 5, 6, 7, 8, 9, 10, 11, 13, 15, 16, 17, 18, 19, 20, 21, 22, 23, 24, 25, 26, 27, 28, 29, 30, 34, 35, 37, 43, 66, 105, 110, 121, 140, 186, 191, 262, 337, 346, 353, 360, 384], "summary": {"covered_lines": 39, "num_statements": 39, "percent_covered": 100.0, "percent_covered_display": "100", "missing_lines": 0, "excluded_lines": 0}, "missing_lines": [], "excluded_lines": []}}}, "nlcli/execution/__init__.py": {"executed_lines": [1, 9, 10, 12], "summary": {"covered_lines": 3, "num_statements": 3, "percent_covered": 100.0, "percent_covered_display": "100", "missing_lines": 0, "excluded_lines": 0}, "missing_lines": [], "excluded_lines": [], "functions": {"": {"executed_lines": [1, 9, 10, 12], "summary": {"covered_lines": 3, "num_statements": 3, "percent_covered": 100.0, "percent_covered_display": "100", "missing_lines": 0, "excluded_lines": 0}, "missing_lines": [], "excluded_lines": []}}, "classes": {"": {"executed_lines": [1, 9, 10, 12], "summary": {"covered_lines": 3, "num_statements": 3, "percent_covered": 100.0, "percent_covered_display": "100", "missing_lines": 0, "excluded_lines": 0}, "missing_lines": [], "excluded_lines": []}}}, "nlcli/execution/command_executor.py": {"executed_lines": [1, 5, 6, 7, 8, 9, 10, 12, 14, 15, 17, 20, 21, 23, 26, 27, 30, 31, 32, 33, 34, 36, 49, 59, 61, 63, 66, 68, 79, 89, 90, 91, 92, 93, 95, 96, 98, 100, 101, 102, 103, 104, 106, 107, 108, 109, 110, 112, 113, 114, 116, 118, 130, 133, 135, 137, 140, 142, 144, 156, 164, 166, 168, 171, 172, 178, 184, 185, 186, 187, 189, 190, 191, 193, 195, 236, 253, 307, 330, 357, 379], "summary": {"covered_lines": 79, "num_statements": 162, "percent_covered": 48.76543209876543, "percent_covered_display": "49", "missing_lines": 83, "excluded_lines": 0}, "missing_lines": [206, 213, 214, 215, 216, 219, 225, 227, 228, 231, 232, 234, 240, 245, 246, 247, 248, 249, 251, 264, 273, 275, 277, 278, 279, 280, 283, 284, 285, 286, 287, 288, 290, 291, 292, 293, 296, 297, 298, 299, 300, 302, 303, 305, 310, 311, 312, 318, 320, 326, 327, 328, 333, 334, 335, 341, 342, 344, 350, 351, 352, 353, 355, 361, 362, 364, 366, 367, 370, 371, 372, 373, 374, 375, 377, 382, 383, 385, 386, 387, 388, 389, 390], "excluded_lines": [], "functions": {"CommandExecutor.__init__": {"executed_lines": [20, 21], "summary": {"covered_lines": 2, "num_statements": 2, "percent_covered": 100.0, "percent_covered_display": "100", "missing_lines": 0, "excluded_lines": 0}, "missing_lines": [], "excluded_lines": []}, "CommandExecutor._get_default_shell": {"executed_lines": [26, 27, 30, 31, 32, 33, 34], "summary": {"covered_lines": 7, "num_statements": 7, "percent_covered": 100.0, "percent_covered_display": "100", "missing_lines": 0, "excluded_lines": 0}, "missing_lines": [], "excluded_lines": []}, "CommandExecutor.execute": {"executed_lines": [49, 59, 61, 63, 66, 68, 79, 89, 90, 91, 92, 93, 95, 96, 98, 100, 101, 102, 103, 104, 106, 107, 108, 109, 110, 112, 113, 114, 116], "summary": {"covered_lines": 29, "num_statements": 29, "percent_covered": 100.0, "percent_covered_display": "100", "missing_lines": 0, "excluded_lines": 0}, "missing_lines": [], "excluded_lines": []}, "CommandExecutor._prepare_command": {"executed_lines": [130, 133, 135, 137, 140, 142], "summary": {"covered_lines": 6, "num_statements": 6, "percent_covered": 100.0, "percent_covered_display": "100", "missing_lines": 0, "excluded_lines": 0}, "missing_lines": [], "excluded_lines": []}, "CommandExecutor.execute_interactive": {"executed_lines": [156, 164, 166, 168, 171, 172, 178, 184, 185, 186, 187, 189, 190, 191, 193], "summary": {"covered_lines": 15, "num_statements": 15, "percent_covered": 100.0, "percent_covered_display": "100", "missing_lines": 0, "excluded_lines": 0}, "missing_lines": [], "excluded_lines": []}, "CommandExecutor.validate_command": {"executed_lines": [], "summary": {"covered_lines": 0, "num_statements": 12, "percent_covered": 0.0, "percent_covered_display": "0", "missing_lines": 12, "excluded_lines": 0}, "missing_lines": [206, 213, 214, 215, 216, 219, 225, 227, 228, 231, 232, 234], "excluded_lines": []}, "CommandExecutor._is_safe_pipe": {"executed_lines": [], "summary": {"covered_lines": 0, "num_statements": 7, "percent_covered": 0.0, "percent_covered_display": "0", "missing_lines": 7, "excluded_lines": 0}, "missing_lines": [240, 245, 246, 247, 248, 249, 251], "excluded_lines": []}, "CommandExecutor.get_command_info": {"executed_lines": [], "summary": {"covered_lines": 0, "num_statements": 25, "percent_covered": 0.0, "percent_covered_display": "0", "missing_lines": 25, "excluded_lines": 0}, "missing_lines": [264, 273, 275, 277, 278, 279, 280, 283, 284, 285, 286, 287, 288, 290, 291, 292, 293, 296, 297, 298, 299, 300, 302, 303, 305], "excluded_lines": []}, "CommandExecutor._command_exists": {"executed_lines": [], "summary": {"covered_lines": 0, "num_statements": 8, "percent_covered": 0.0, "percent_covered_display": "0", "missing_lines": 8, "excluded_lines": 0}, "missing_lines": [310, 311, 312, 318, 320, 326, 327, 328], "excluded_lines": []}, "CommandExecutor._get_command_path": {"executed_lines": [], "summary": {"covered_lines": 0, "num_statements": 11, "percent_covered": 0.0, "percent_covered_display": "0", "missing_lines": 11, "excluded_lines": 0}, "missing_lines": [333, 334, 335, 341, 342, 344, 350, 351, 352, 353, 355], "excluded_lines": []}, "CommandExecutor._get_command_type": {"executed_lines": [], "summary": {"covered_lines": 0, "num_statements": 12, "percent_covered": 0.0, "percent_covered_display": "0", "missing_lines": 12, "excluded_lines": 0}, "missing_lines": [361, 362, 364, 366, 367, 370, 371, 372, 373, 374, 375, 377], "excluded_lines": []}, "CommandExecutor.get_supported_shells": {"executed_lines": [], "summary": {"covered_lines": 0, "num_statements": 8, "percent_covered": 0.0, "percent_covered_display": "0", "missing_lines": 8, "excluded_lines": 0}, "missing_lines": [382, 383, 385, 386, 387, 388, 389, 390], "excluded_lines": []}, "": {"executed_lines": [1, 5, 6, 7, 8, 9, 10, 12, 14, 15, 17, 23, 36, 118, 144, 195, 236, 253, 307, 330, 357, 379], "summary": {"covered_lines": 20, "num_statements": 20, "percent_covered": 100.0, "percent_covered_display": "100", "missing_lines": 0, "excluded_lines": 0}, "missing_lines": [], "excluded_lines": []}}, "classes": {"CommandExecutor": {"executed_lines": [20, 21, 26, 27, 30, 31, 32, 33, 34, 49, 59, 61, 63, 66, 68, 79, 89, 90, 91, 92, 93, 95, 96, 98, 100, 101, 102, 103, 104, 106, 107, 108, 109, 110, 112, 113, 114, 116, 130, 133, 135, 137, 140, 142, 156, 164, 166, 168, 171, 172, 178, 184, 185, 186, 187, 189, 190, 191, 193], "summary": {"covered_lines": 59, "num_statements": 142, "percent_covered": 41.54929577464789, "percent_covered_display": "42", "missing_lines": 83, "excluded_lines": 0}, "missing_lines": [206, 213, 214, 215, 216, 219, 225, 227, 228, 231, 232, 234, 240, 245, 246, 247, 248, 249, 251, 264, 273, 275, 277, 278, 279, 280, 283, 284, 285, 286, 287, 288, 290, 291, 292, 293, 296, 297, 298, 299, 300, 302, 303, 305, 310, 311, 312, 318, 320, 326, 327, 328, 333, 334, 335, 341, 342, 344, 350, 351, 352, 353, 355, 361, 362, 364, 366, 367, 370, 371, 372, 373, 374, 375, 377, 382, 383, 385, 386, 387, 388, 389, 390], "excluded_lines": []}, "": {"executed_lines": [1, 5, 6, 7, 8, 9, 10, 12, 14, 15, 17, 23, 36, 118, 144, 195, 236, 253, 307, 330, 357, 379], "summary": {"covered_lines": 20, "num_statements": 20, "percent_covered": 100.0, "percent_covered_display": "100", "missing_lines": 0, "excluded_lines": 0}, "missing_lines": [], "excluded_lines": []}}}, "nlcli/execution/safety_checker.py": {"executed_lines": [1, 5, 6, 7, 8, 10, 12, 13, 15, 23, 24, 27, 29, 33, 77, 88, 103, 113, 114, 118, 129, 137, 138, 139, 140, 141, 144, 145, 147, 148, 151, 152, 155, 157, 159, 162, 188, 189, 192, 194, 197, 200, 201, 204, 205, 208, 212, 216, 217, 219, 221, 224, 227, 228, 229, 232, 237, 238, 239, 242, 243, 245, 247, 271], "summary": {"covered_lines": 62, "num_statements": 82, "percent_covered": 75.60975609756098, "percent_covered_display": "76", "missing_lines": 20, "excluded_lines": 0}, "missing_lines": [78, 104, 116, 190, 209, 213, 233, 234, 250, 265, 266, 267, 269, 274, 280, 281, 282, 283, 285, 287], "excluded_lines": [], "functions": {"SafetyChecker.__init__": {"executed_lines": [23, 24, 27], "summary": {"covered_lines": 3, "num_statements": 3, "percent_covered": 100.0, "percent_covered_display": "100", "missing_lines": 0, "excluded_lines": 0}, "missing_lines": [], "excluded_lines": []}, "SafetyChecker._load_danger_patterns": {"executed_lines": [33, 77, 88, 103, 113, 114], "summary": {"covered_lines": 6, "num_statements": 9, "percent_covered": 66.66666666666667, "percent_covered_display": "67", "missing_lines": 3, "excluded_lines": 0}, "missing_lines": [78, 104, 116], "excluded_lines": []}, "SafetyChecker.check_command": {"executed_lines": [129, 137, 138, 139, 140, 141, 144, 145, 147, 148, 151, 152, 155, 157], "summary": {"covered_lines": 14, "num_statements": 14, "percent_covered": 100.0, "percent_covered_display": "100", "missing_lines": 0, "excluded_lines": 0}, "missing_lines": [], "excluded_lines": []}, "SafetyChecker._get_danger_reason": {"executed_lines": [162, 188, 189, 192], "summary": {"covered_lines": 4, "num_statements": 5, "percent_covered": 80.0, "percent_covered_display": "80", "missing_lines": 1, "excluded_lines": 0}, "missing_lines": [190], "excluded_lines": []}, "SafetyChecker._check_additional_risks": {"executed_lines": [197, 200, 201, 204, 205, 208, 212, 216, 217, 219], "summary": {"covered_lines": 10, "num_statements": 12, "percent_covered": 83.33333333333333, "percent_covered_display": "83", "missing_lines": 2, "excluded_lines": 0}, "missing_lines": [209, 213], "excluded_lines": []}, "SafetyChecker._get_safer_alternatives": {"executed_lines": [224, 227, 228, 229, 232, 237, 238, 239, 242, 243, 245], "summary": {"covered_lines": 11, "num_statements": 13, "percent_covered": 84.61538461538461, "percent_covered_display": "85", "missing_lines": 2, "excluded_lines": 0}, "missing_lines": [233, 234], "excluded_lines": []}, "SafetyChecker.is_read_only_command": {"executed_lines": [], "summary": {"covered_lines": 0, "num_statements": 5, "percent_covered": 0.0, "percent_covered_display": "0", "missing_lines": 5, "excluded_lines": 0}, "missing_lines": [250, 265, 266, 267, 269], "excluded_lines": []}, "SafetyChecker.get_safety_level_info": {"executed_lines": [], "summary": {"covered_lines": 0, "num_statements": 7, "percent_covered": 0.0, "percent_covered_display": "0", "missing_lines": 7, "excluded_lines": 0}, "missing_lines": [274, 280, 281, 282, 283, 285, 287], "excluded_lines": []}, "": {"executed_lines": [1, 5, 6, 7, 8, 10, 12, 13, 15, 29, 118, 159, 194, 221, 247, 271], "summary": {"covered_lines": 14, "num_statements": 14, "percent_covered": 100.0, "percent_covered_display": "100", "missing_lines": 0, "excluded_lines": 0}, "missing_lines": [], "excluded_lines": []}}, "classes": {"SafetyChecker": {"executed_lines": [23, 24, 27, 33, 77, 88, 103, 113, 114, 129, 137, 138, 139, 140, 141, 144, 145, 147, 148, 151, 152, 155, 157, 162, 188, 189, 192, 197, 200, 201, 204, 205, 208, 212, 216, 217, 219, 224, 227, 228, 229, 232, 237, 238, 239, 242, 243, 245], "summary": {"covered_lines": 48, "num_statements": 68, "percent_covered": 70.58823529411765, "percent_covered_display": "71", "missing_lines": 20, "excluded_lines": 0}, "missing_lines": [78, 104, 116, 190, 209, 213, 233, 234, 250, 265, 266, 267, 269, 274, 280, 281, 282, 283, 285, 287], "excluded_lines": []}, "": {"executed_lines": [1, 5, 6, 7, 8, 10, 12, 13, 15, 29, 118, 159, 194, 221, 247, 271], "summary": {"covered_lines": 14, "num_statements": 14, "percent_covered": 100.0, "percent_covered_display": "100", "missing_lines": 0, "excluded_lines": 0}, "missing_lines": [], "excluded_lines": []}}}, "nlcli/main.py": {"executed_lines": [], "summary": {"covered_lines": 0, "num_statements": 3, "percent_covered": 0.0, "percent_covered_display": "0", "missing_lines": 3, "excluded_lines": 0}, "missing_lines": [5, 7, 8], "excluded_lines": [], "functions": {"": {"executed_lines": [], "summary": {"covered_lines": 0, "num_statements": 3, "percent_covered": 0.0, "percent_covered_display": "0", "missing_lines": 3, "excluded_lines": 0}, "missing_lines": [5, 7, 8], "excluded_lines": []}}, "classes": {"": {"executed_lines": [], "summary": {"covered_lines": 0, "num_statements": 3, "percent_covered": 0.0, "percent_covered_display": "0", "missing_lines": 3, "excluded_lines": 0}, "missing_lines": [5, 7, 8], "excluded_lines": []}}}, "nlcli/pipeline/__init__.py": {"executed_lines": [1, 11, 12, 13, 14, 15, 16, 18], "summary": {"covered_lines": 7, "num_statements": 7, "percent_covered": 100.0, "percent_covered_display": "100", "missing_lines": 0, "excluded_lines": 0}, "missing_lines": [], "excluded_lines": [], "functions": {"": {"executed_lines": [1, 11, 12, 13, 14, 15, 16, 18], "summary": {"covered_lines": 7, "num_statements": 7, "percent_covered": 100.0, "percent_covered_display": "100", "missing_lines": 0, "excluded_lines": 0}, "missing_lines": [], "excluded_lines": []}}, "classes": {"": {"executed_lines": [1, 11, 12, 13, 14, 15, 16, 18], "summary": {"covered_lines": 7, "num_statements": 7, "percent_covered": 100.0, "percent_covered_display": "100", "missing_lines": 0, "excluded_lines": 0}, "missing_lines": [], "excluded_lines": []}}}, "nlcli/pipeline/ai_translator.py": {"executed_lines": [1, 5, 6, 7, 8, 9, 10, 11, 12, 13, 14, 15, 16, 18, 19, 21, 22, 24, 27, 28, 29, 32, 33, 34, 38, 41, 42, 43, 46, 47, 48, 51, 52, 53, 54, 57, 58, 61, 62, 65, 66, 69, 70, 73, 74, 77, 194, 206, 208, 209, 210, 212, 215, 216, 217, 218, 219, 227, 228, 239, 240, 245, 246, 262, 263, 264, 265, 266, 381, 384, 387, 388, 389, 398, 400, 403, 520, 522, 573, 648, 690, 702, 750, 818], "summary": {"covered_lines": 82, "num_statements": 271, "percent_covered": 30.25830258302583, "percent_covered_display": "30", "missing_lines": 189, "excluded_lines": 0}, "missing_lines": [35, 36, 37, 229, 230, 241, 242, 247, 248, 249, 276, 277, 278, 279, 282, 283, 284, 285, 288, 289, 291, 292, 293, 294, 306, 307, 309, 310, 311, 312, 323, 324, 327, 328, 329, 332, 333, 334, 336, 337, 339, 340, 341, 342, 352, 353, 354, 355, 356, 357, 367, 370, 371, 375, 377, 378, 379, 390, 525, 526, 528, 530, 531, 532, 533, 534, 535, 536, 537, 539, 541, 542, 543, 546, 547, 549, 556, 557, 560, 562, 563, 564, 566, 568, 569, 570, 571, 577, 578, 579, 581, 583, 586, 602, 603, 604, 615, 616, 617, 618, 620, 622, 623, 626, 627, 628, 631, 632, 635, 636, 637, 639, 641, 642, 643, 644, 645, 646, 651, 652, 654, 693, 695, 696, 697, 698, 700, 714, 715, 730, 731, 732, 740, 741, 742, 743, 744, 746, 747, 748, 760, 762, 765, 766, 769, 771, 773, 778, 779, 780, 783, 784, 785, 786, 787, 788, 789, 790, 791, 792, 793, 795, 796, 798, 812, 814, 815, 816, 828, 830, 833, 835, 837, 840, 841, 842, 843, 844, 845, 846, 847, 848, 850, 851, 853, 868, 870, 871, 872], "excluded_lines": [], "functions": {"AITranslator.__init__": {"executed_lines": [27, 28, 29, 32, 33, 34, 38, 41, 42, 43, 46, 47, 48, 51, 52, 53, 54, 57, 58, 61, 62, 65, 66, 69, 70, 73, 74, 77], "summary": {"covered_lines": 28, "num_statements": 31, "percent_covered": 90.3225806451613, "percent_covered_display": "90", "missing_lines": 3, "excluded_lines": 0}, "missing_lines": [35, 36, 37], "excluded_lines": []}, "AITranslator.translate": {"executed_lines": [206, 208, 209, 210, 212, 215, 216, 217, 218, 219, 227, 228, 239, 240, 245, 246, 262, 263, 264, 265, 266], "summary": {"covered_lines": 21, "num_statements": 75, "percent_covered": 28.0, "percent_covered_display": "28", "missing_lines": 54, "excluded_lines": 0}, "missing_lines": [229, 230, 241, 242, 247, 248, 249, 276, 277, 278, 279, 282, 283, 284, 285, 288, 289, 291, 292, 293, 294, 306, 307, 309, 310, 311, 312, 323, 324, 327, 328, 329, 332, 333, 334, 336, 337, 339, 340, 341, 342, 352, 353, 354, 355, 356, 357, 367, 370, 371, 375, 377, 378, 379], "excluded_lines": []}, "AITranslator._check_instant_patterns": {"executed_lines": [384, 387, 388, 389, 398], "summary": {"covered_lines": 5, "num_statements": 6, "percent_covered": 83.33333333333333, "percent_covered_display": "83", "missing_lines": 1, "excluded_lines": 0}, "missing_lines": [390], "excluded_lines": []}, "AITranslator._get_command_explanation": {"executed_lines": [403, 520], "summary": {"covered_lines": 2, "num_statements": 2, "percent_covered": 100.0, "percent_covered_display": "100", "missing_lines": 0, "excluded_lines": 0}, "missing_lines": [], "excluded_lines": []}, "AITranslator._prompt_for_api_key": {"executed_lines": [], "summary": {"covered_lines": 0, "num_statements": 29, "percent_covered": 0.0, "percent_covered_display": "0", "missing_lines": 29, "excluded_lines": 0}, "missing_lines": [525, 526, 528, 530, 531, 532, 533, 534, 535, 536, 537, 539, 541, 542, 543, 546, 547, 549, 556, 557, 560, 562, 563, 564, 566, 568, 569, 570, 571], "excluded_lines": []}, "AITranslator._translate_with_ai": {"executed_lines": [], "summary": {"covered_lines": 0, "num_statements": 22, "percent_covered": 0.0, "percent_covered_display": "0", "missing_lines": 22, "excluded_lines": 0}, "missing_lines": [577, 578, 579, 581, 620, 622, 623, 626, 627, 628, 631, 632, 635, 636, 637, 639, 641, 642, 643, 644, 645, 646], "excluded_lines": []}, "AITranslator._translate_with_ai.api_call": {"executed_lines": [], "summary": {"covered_lines": 0, "num_statements": 9, "percent_covered": 0.0, "percent_covered_display": "0", "missing_lines": 9, "excluded_lines": 0}, "missing_lines": [583, 586, 602, 603, 604, 615, 616, 617, 618], "excluded_lines": []}, "AITranslator._create_system_prompt": {"executed_lines": [], "summary": {"covered_lines": 0, "num_statements": 3, "percent_covered": 0.0, "percent_covered_display": "0", "missing_lines": 3, "excluded_lines": 0}, "missing_lines": [651, 652, 654], "excluded_lines": []}, "AITranslator._get_shell_info": {"executed_lines": [], "summary": {"covered_lines": 0, "num_statements": 6, "percent_covered": 0.0, "percent_covered_display": "0", "missing_lines": 6, "excluded_lines": 0}, "missing_lines": [693, 695, 696, 697, 698, 700], "excluded_lines": []}, "AITranslator.get_command_suggestions": {"executed_lines": [], "summary": {"covered_lines": 0, "num_statements": 13, "percent_covered": 0.0, "percent_covered_display": "0", "missing_lines": 13, "excluded_lines": 0}, "missing_lines": [714, 715, 730, 731, 732, 740, 741, 742, 743, 744, 746, 747, 748], "excluded_lines": []}, "AITranslator._check_git_context_commands": {"executed_lines": [], "summary": {"covered_lines": 0, "num_statements": 28, "percent_covered": 0.0, "percent_covered_display": "0", "missing_lines": 28, "excluded_lines": 0}, "missing_lines": [760, 762, 765, 766, 769, 771, 773, 778, 779, 780, 783, 784, 785, 786, 787, 788, 789, 790, 791, 792, 793, 795, 796, 798, 812, 814, 815, 816], "excluded_lines": []}, "AITranslator._check_environment_context_commands": {"executed_lines": [], "summary": {"covered_lines": 0, "num_statements": 21, "percent_covered": 0.0, "percent_covered_display": "0", "missing_lines": 21, "excluded_lines": 0}, "missing_lines": [828, 830, 833, 835, 837, 840, 841, 842, 843, 844, 845, 846, 847, 848, 850, 851, 853, 868, 870, 871, 872], "excluded_lines": []}, "": {"executed_lines": [1, 5, 6, 7, 8, 9, 10, 11, 12, 13, 14, 15, 16, 18, 19, 21, 22, 24, 194, 381, 400, 522, 573, 648, 690, 702, 750, 818], "summary": {"covered_lines": 26, "num_statements": 26, "percent_covered": 100.0, "percent_covered_display": "100", "missing_lines": 0, "excluded_lines": 0}, "missing_lines": [], "excluded_lines": []}}, "classes": {"AITranslator": {"executed_lines": [27, 28, 29, 32, 33, 34, 38, 41, 42, 43, 46, 47, 48, 51, 52, 53, 54, 57, 58, 61, 62, 65, 66, 69, 70, 73, 74, 77, 206, 208, 209, 210, 212, 215, 216, 217, 218, 219, 227, 228, 239, 240, 245, 246, 262, 263, 264, 265, 266, 384, 387, 388, 389, 398, 403, 520], "summary": {"covered_lines": 56, "num_statements": 245, "percent_covered": 22.857142857142858, "percent_covered_display": "23", "missing_lines": 189, "excluded_lines": 0}, "missing_lines": [35, 36, 37, 229, 230, 241, 242, 247, 248, 249, 276, 277, 278, 279, 282, 283, 284, 285, 288, 289, 291, 292, 293, 294, 306, 307, 309, 310, 311, 312, 323, 324, 327, 328, 329, 332, 333, 334, 336, 337, 339, 340, 341, 342, 352, 353, 354, 355, 356, 357, 367, 370, 371, 375, 377, 378, 379, 390, 525, 526, 528, 530, 531, 532, 533, 534, 535, 536, 537, 539, 541, 542, 543, 546, 547, 549, 556, 557, 560, 562, 563, 564, 566, 568, 569, 570, 571, 577, 578, 579, 581, 583, 586, 602, 603, 604, 615, 616, 617, 618, 620, 622, 623, 626, 627, 628, 631, 632, 635, 636, 637, 639, 641, 642, 643, 644, 645, 646, 651, 652, 654, 693, 695, 696, 697, 698, 700, 714, 715, 730, 731, 732, 740, 741, 742, 743, 744, 746, 747, 748, 760, 762, 765, 766, 769, 771, 773, 778, 779, 780, 783, 784, 785, 786, 787, 788, 789, 790, 791, 792, 793, 795, 796, 798, 812, 814, 815, 816, 828, 830, 833, 835, 837, 840, 841, 842, 843, 844, 845, 846, 847, 848, 850, 851, 853, 868, 870, 871, 872], "excluded_lines": []}, "": {"executed_lines": [1, 5, 6, 7, 8, 9, 10, 11, 12, 13, 14, 15, 16, 18, 19, 21, 22, 24, 194, 381, 400, 522, 573, 648, 690, 702, 750, 818], "summary": {"covered_lines": 26, "num_statements": 26, "percent_covered": 100.0, "percent_covered_display": "100", "missing_lines": 0, "excluded_lines": 0}, "missing_lines": [], "excluded_lines": []}}}, "nlcli/pipeline/command_filter.py": {"executed_lines": [1, 6, 7, 8, 9, 11, 13, 14, 16, 18, 19, 20, 22, 26, 184, 187, 350, 379, 392, 395, 397, 400, 637, 639, 643, 938, 941, 944, 951, 952, 953, 956, 970, 972, 976, 1112, 1165, 1176, 1185, 1196, 1207, 1231, 1244, 1253, 1262, 1269, 1278, 1290, 1293, 1297, 1298, 1301, 1302, 1319, 1323, 1327, 1330, 1332, 1334, 1336, 1339, 1340, 1345, 1346, 1350, 1351, 1355, 1356, 1359, 1361, 1457, 1550, 1553, 1555, 1556, 1557, 1558, 1574, 1576, 1601, 1624, 1645, 1664], "summary": {"covered_lines": 81, "num_statements": 264, "percent_covered": 30.681818181818183, "percent_covered_display": "31", "missing_lines": 183, "excluded_lines": 0}, "missing_lines": [351, 946, 947, 948, 957, 959, 1124, 1127, 1128, 1129, 1130, 1131, 1132, 1135, 1136, 1137, 1138, 1139, 1140, 1141, 1144, 1145, 1146, 1147, 1148, 1149, 1150, 1158, 1159, 1160, 1163, 1167, 1169, 1170, 1171, 1172, 1174, 1178, 1180, 1181, 1183, 1187, 1189, 1191, 1194, 1198, 1200, 1202, 1205, 1209, 1210, 1213, 1214, 1215, 1216, 1217, 1218, 1220, 1222, 1224, 1225, 1226, 1229, 1233, 1236, 1237, 1239, 1240, 1242, 1246, 1248, 1249, 1251, 1255, 1256, 1257, 1258, 1260, 1264, 1265, 1267, 1271, 1273, 1274, 1276, 1294, 1304, 1305, 1308, 1315, 1320, 1324, 1328, 1341, 1342, 1347, 1352, 1357, 1363, 1365, 1368, 1400, 1401, 1402, 1403, 1404, 1405, 1406, 1415, 1416, 1417, 1418, 1419, 1420, 1421, 1430, 1431, 1432, 1433, 1434, 1443, 1444, 1445, 1446, 1447, 1455, 1469, 1470, 1473, 1474, 1475, 1476, 1477, 1478, 1481, 1482, 1483, 1484, 1485, 1486, 1489, 1490, 1491, 1494, 1495, 1497, 1499, 1500, 1507, 1508, 1516, 1517, 1524, 1528, 1529, 1531, 1544, 1545, 1546, 1548, 1560, 1563, 1565, 1587, 1588, 1591, 1592, 1593, 1595, 1596, 1597, 1599, 1609, 1635, 1636, 1643, 1656, 1657, 1658, 1659, 1660, 1662, 1672], "excluded_lines": [], "functions": {"CommandFilter.__init__": {"executed_lines": [18, 19, 20], "summary": {"covered_lines": 3, "num_statements": 3, "percent_covered": 100.0, "percent_covered_display": "100", "missing_lines": 0, "excluded_lines": 0}, "missing_lines": [], "excluded_lines": []}, "CommandFilter._load_direct_commands": {"executed_lines": [26, 184, 187, 350, 379, 392, 395], "summary": {"covered_lines": 7, "num_statements": 8, "percent_covered": 87.5, "percent_covered_display": "88", "missing_lines": 1, "excluded_lines": 0}, "missing_lines": [351], "excluded_lines": []}, "CommandFilter._add_typo_variations": {"executed_lines": [400, 637], "summary": {"covered_lines": 2, "num_statements": 2, "percent_covered": 100.0, "percent_covered_display": "100", "missing_lines": 0, "excluded_lines": 0}, "missing_lines": [], "excluded_lines": []}, "CommandFilter._load_cross_platform_mappings": {"executed_lines": [643], "summary": {"covered_lines": 1, "num_statements": 1, "percent_covered": 100.0, "percent_covered_display": "100", "missing_lines": 0, "excluded_lines": 0}, "missing_lines": [], "excluded_lines": []}, "CommandFilter.check_cross_platform_translation": {"executed_lines": [941, 944, 951, 952, 953, 956, 970], "summary": {"covered_lines": 7, "num_statements": 12, "percent_covered": 58.333333333333336, "percent_covered_display": "58", "missing_lines": 5, "excluded_lines": 0}, "missing_lines": [946, 947, 948, 957, 959], "excluded_lines": []}, "CommandFilter._load_intelligent_patterns": {"executed_lines": [976], "summary": {"covered_lines": 1, "num_statements": 1, "percent_covered": 100.0, "percent_covered_display": "100", "missing_lines": 0, "excluded_lines": 0}, "missing_lines": [], "excluded_lines": []}, "CommandFilter.check_command": {"executed_lines": [], "summary": {"covered_lines": 0, "num_statements": 25, "percent_covered": 0.0, "percent_covered_display": "0", "missing_lines": 25, "excluded_lines": 0}, "missing_lines": [1124, 1127, 1128, 1129, 1130, 1131, 1132, 1135, 1136, 1137, 1138, 1139, 1140, 1141, 1144, 1145, 1146, 1147, 1148, 1149, 1150, 1158, 1159, 1160, 1163], "excluded_lines": []}, "CommandFilter._generate_port_check_command": {"executed_lines": [], "summary": {"covered_lines": 0, "num_statements": 6, "percent_covered": 0.0, "percent_covered_display": "0", "missing_lines": 6, "excluded_lines": 0}, "missing_lines": [1167, 1169, 1170, 1171, 1172, 1174], "excluded_lines": []}, "CommandFilter._generate_find_files_command": {"executed_lines": [], "summary": {"covered_lines": 0, "num_statements": 4, "percent_covered": 0.0, "percent_covered_display": "0", "missing_lines": 4, "excluded_lines": 0}, "missing_lines": [1178, 1180, 1181, 1183], "excluded_lines": []}, "CommandFilter._generate_find_old_files_command": {"executed_lines": [], "summary": {"covered_lines": 0, "num_statements": 4, "percent_covered": 0.0, "percent_covered_display": "0", "missing_lines": 4, "excluded_lines": 0}, "missing_lines": [1187, 1189, 1191, 1194], "excluded_lines": []}, "CommandFilter._generate_find_new_files_command": {"executed_lines": [], "summary": {"covered_lines": 0, "num_statements": 4, "percent_covered": 0.0, "percent_covered_display": "0", "missing_lines": 4, "excluded_lines": 0}, "missing_lines": [1198, 1200, 1202, 1205], "excluded_lines": []}, "CommandFilter._generate_find_files_by_size_command": {"executed_lines": [], "sum
[...]
 "num_statements": 32, "percent_covered": 100.0, "percent_covered_display": "100", "missing_lines": 0, "excluded_lines": 0}, "missing_lines": [], "excluded_lines": []}}, "classes": {"OutputFormatter": {"executed_lines": [], "summary": {"covered_lines": 0, "num_statements": 128, "percent_covered": 0.0, "percent_covered_display": "0", "missing_lines": 128, "excluded_lines": 0}, "missing_lines": [30, 31, 32, 38, 69, 75, 86, 87, 90, 91, 92, 93, 96, 103, 104, 105, 107, 108, 110, 117, 118, 119, 124, 125, 128, 131, 132, 133, 135, 136, 138, 140, 141, 144, 145, 147, 152, 153, 161, 164, 172, 173, 174, 175, 176, 178, 179, 180, 182, 190, 196, 204, 205, 206, 209, 216, 217, 219, 224, 225, 228, 229, 230, 231, 234, 235, 236, 237, 238, 239, 241, 242, 243, 249, 255, 256, 259, 260, 261, 264, 265, 266, 267, 268, 273, 274, 275, 277, 278, 280, 287, 292, 295, 296, 299, 300, 303, 304, 307, 308, 309, 310, 311, 312, 313, 314, 315, 316, 317, 320, 321, 323, 328, 330, 332, 335, 338, 341, 343, 347, 348, 349, 353, 354, 355, 356, 357, 361], "excluded_lines": []}, "": {"executed_lines": [1, 6, 7, 8, 9, 10, 11, 12, 13, 14, 15, 16, 17, 18, 19, 20, 21, 23, 25, 26, 28, 34, 71, 121, 149, 192, 221, 251, 270, 289, 325, 345, 351, 359], "summary": {"covered_lines": 32, "num_statements": 32, "percent_covered": 100.0, "percent_covered_display": "100", "missing_lines": 0, "excluded_lines": 0}, "missing_lines": [], "excluded_lines": []}}}, "nlcli/ui/typeahead.py": {"executed_lines": [1, 6, 7, 8, 9, 10, 11, 13, 15, 16, 18, 57, 87, 102, 142, 204, 221, 239, 254, 259, 300, 308, 309, 311, 318, 334, 353, 359, 387, 388, 390, 396, 411, 430, 449, 462, 467, 471], "summary": {"covered_lines": 34, "num_statements": 189, "percent_covered": 17.98941798941799, "percent_covered_display": "18", "missing_lines": 155, "excluded_lines": 0}, "missing_lines": [19, 20, 21, 22, 23, 24, 25, 28, 67, 69, 72, 73, 75, 76, 77, 78, 79, 81, 83, 84, 85, 99, 100, 113, 114, 117, 118, 121, 122, 123, 125, 126, 129, 131, 132, 133, 136, 137, 138, 140, 153, 154, 156, 159, 160, 162, 164, 167, 170, 171, 174, 176, 177, 178, 179, 180, 183, 186, 187, 189, 190, 191, 192, 193, 195, 196, 199, 200, 202, 214, 216, 217, 219, 232, 233, 236, 237, 249, 256, 257, 261, 263, 264, 266, 268, 269, 270, 271, 274, 275, 276, 277, 280, 281, 284, 285, 286, 287, 288, 291, 292, 293, 295, 296, 298, 302, 312, 313, 314, 315, 316, 329, 330, 332, 345, 346, 349, 351, 355, 356, 357, 370, 371, 373, 374, 376, 377, 378, 379, 381, 382, 384, 391, 392, 393, 394, 406, 407, 409, 422, 423, 425, 426, 428, 440, 442, 444, 445, 447, 459, 460, 464, 465, 469, 473], "excluded_lines": [], "functions": {"TypeaheadEngine.__init__": {"executed_lines": [], "summary": {"covered_lines": 0, "num_statements": 8, "percent_covered": 0.0, "percent_covered_display": "0", "missing_lines": 8, "excluded_lines": 0}, "missing_lines": [19, 20, 21, 22, 23, 24, 25, 28], "excluded_lines": []}, "TypeaheadEngine.get_command_history": {"executed_lines": [], "summary": {"covered_lines": 0, "num_statements": 13, "percent_covered": 0.0, "percent_covered_display": "0", "missing_lines": 13, "excluded_lines": 0}, "missing_lines": [67, 69, 72, 73, 75, 76, 77, 78, 79, 81, 83, 84, 85], "excluded_lines": []}, "TypeaheadEngine.calculate_similarity": {"executed_lines": [], "summary": {"covered_lines": 0, "num_statements": 2, "percent_covered": 0.0, "percent_covered_display": "0", "missing_lines": 2, "excluded_lines": 0}, "missing_lines": [99, 100], "excluded_lines": []}, "TypeaheadEngine.prefix_match_score": {"executed_lines": [], "summary": {"covered_lines": 0, "num_statements": 17, "percent_covered": 0.0, "percent_covered_display": "0", "missing_lines": 17, "excluded_lines": 0}, "missing_lines": [113, 114, 117, 118, 121, 122, 123, 125, 126, 129, 131, 132, 133, 136, 137, 138, 140], "excluded_lines": []}, "TypeaheadEngine.get_suggestions": {"executed_lines": [], "summary": {"covered_lines": 0, "num_statements": 29, "percent_covered": 0.0, "percent_covered_display": "0", "missing_lines": 29, "excluded_lines": 0}, "missing_lines": [153, 154, 156, 159, 160, 162, 164, 167, 170, 171, 174, 176, 177, 178, 179, 180, 183, 186, 187, 189, 190, 191, 192, 193, 195, 196, 199, 200, 202], "excluded_lines": []}, "TypeaheadEngine.get_best_completion": {"executed_lines": [], "summary": {"covered_lines": 0, "num_statements": 4, "percent_covered": 0.0, "percent_covered_display": "0", "missing_lines": 4, "excluded_lines": 0}, "missing_lines": [214, 216, 217, 219], "excluded_lines": []}, "TypeaheadEngine.format_completion_display": {"executed_lines": [], "summary": {"covered_lines": 0, "num_statements": 4, "percent_covered": 0.0, "percent_covered_display": "0", "missing_lines": 4, "excluded_lines": 0}, "missing_lines": [232, 233, 236, 237], "excluded_lines": []}, "TypeaheadEngine.update_suggestion_usage": {"executed_lines": [], "summary": {"covered_lines": 0, "num_statements": 1, "percent_covered": 0.0, "percent_covered_display": "0", "missing_lines": 1, "excluded_lines": 0}, "missing_lines": [249], "excluded_lines": []}, "TypeaheadEngine.clear_cache": {"executed_lines": [], "summary": {"covered_lines": 0, "num_statements": 2, "percent_covered": 0.0, "percent_covered_display": "0", "missing_lines": 2, "excluded_lines": 0}, "missing_lines": [256, 257], "excluded_lines": []}, "TypeaheadEngine._get_pipeline_suggestions": {"executed_lines": [], "summary": {"covered_lines": 0, "num_statements": 25, "percent_covered": 0.0, "percent_covered_display": "0", "missing_lines": 25, "excluded_lines": 0}, "missing_lines": [261, 263, 264, 266, 268, 269, 270, 271, 274, 275, 276, 277, 280, 281, 284, 285, 286, 287, 288, 291, 292, 293, 295, 296, 298], "excluded_lines": []}, "TypeaheadEngine.get_cache_stats": {"executed_lines": [], "summary": {"covered_lines": 0, "num_statements": 1, "percent_covered": 0.0, "percent_covered_display": "0", "missing_lines": 1, "excluded_lines": 0}, "missing_lines": [302], "excluded_lines": []}, "TypeaheadDisplay.__init__": {"executed_lines": [], "summary": {"covered_lines": 0, "num_statements": 5, "percent_covered": 0.0, "percent_covered_display": "0", "missing_lines": 5, "excluded_lines": 0}, "missing_lines": [312, 313, 314, 315, 316], "excluded_lines": []}, "TypeaheadDisplay.format_typeahead_line": {"executed_lines": [], "summary": {"covered_lines": 0, "num_statements": 3, "percent_covered": 0.0, "percent_covered_display": "0", "missing_lines": 3, "excluded_lines": 0}, "missing_lines": [329, 330, 332], "excluded_lines": []}, "TypeaheadDisplay.display_inline_completion": {"executed_lines": [], "summary": {"covered_lines": 0, "num_statements": 4, "percent_covered": 0.0, "percent_covered_display": "0", "missing_lines": 4, "excluded_lines": 0}, "missing_lines": [345, 346, 349, 351], "excluded_lines": []}, "TypeaheadDisplay._extract_completion_part": {"executed_lines": [], "summary": {"covered_lines": 0, "num_statements": 3, "percent_covered": 0.0, "percent_covered_display": "0", "missing_lines": 3, "excluded_lines": 0}, "missing_lines": [355, 356, 357], "excluded_lines": []}, "TypeaheadDisplay.create_suggestion_menu": {"executed_lines": [], "summary": {"covered_lines": 0, "num_statements": 11, "percent_covered": 0.0, "percent_covered_display": "0", "missing_lines": 11, "excluded_lines": 0}, "missing_lines": [370, 371, 373, 374, 376, 377, 378, 379, 381, 382, 384], "excluded_lines": []}, "TypeaheadController.__init__": {"executed_lines": [], "summary": {"covered_lines": 0, "num_statements": 4, "percent_covered": 0.0, "percent_covered_display": "0", "missing_lines": 4, "excluded_lines": 0}, "missing_lines": [391, 392, 393, 394], "excluded_lines": []}, "TypeaheadController.get_completion_for_input": {"executed_lines": [], "summary": {"covered_lines": 0, "num_statements": 3, "percent_covered": 0.0, "percent_covered_display": "0", "missing_lines": 3, "excluded_lines": 0}, "missing_lines": [406, 407, 409], "excluded_lines": []}, "TypeaheadController.format_input_with_completion": {"executed_lines": [], "summary": {"covered_lines": 0, "num_statements": 5, "percent_covered": 0.0, "percent_covered_display": "0", "missing_lines": 5, "excluded_lines": 0}, "missing_lines": [422, 423, 425, 426, 428], "excluded_lines": []}, "TypeaheadController.handle_completion_accept": {"executed_lines": [], "summary": {"covered_lines": 0, "num_statements": 5, "percent_covered": 0.0, "percent_covered_display": "0", "missing_lines": 5, "excluded_lines": 0}, "missing_lines": [440, 442, 444, 445, 447], "excluded_lines": []}, "TypeaheadController.get_suggestions_menu": {"executed_lines": [], "summary": {"covered_lines": 0, "num_statements": 2, "percent_covered": 0.0, "percent_covered_display": "0", "missing_lines": 2, "excluded_lines": 0}, "missing_lines": [459, 460], "excluded_lines": []}, "TypeaheadController.toggle_enabled": {"executed_lines": [], "summary": {"covered_lines": 0, "num_statements": 2, "percent_covered": 0.0, "percent_covered_display": "0", "missing_lines": 2, "excluded_lines": 0}, "missing_lines": [464, 465], "excluded_lines": []}, "TypeaheadController.clear_cache": {"executed_lines": [], "summary": {"covered_lines": 0, "num_statements": 1, "percent_covered": 0.0, "percent_covered_display": "0", "missing_lines": 1, "excluded_lines": 0}, "missing_lines": [469], "excluded_lines": []}, "TypeaheadController.get_stats": {"executed_lines": [], "summary": {"covered_lines": 0, "num_statements": 1, "percent_covered": 0.0, "percent_covered_display": "0", "missing_lines": 1, "excluded_lines": 0}, "missing_lines": [473], "excluded_lines": []}, "": {"executed_lines": [1, 6, 7, 8, 9, 10, 11, 13, 15, 16, 18, 57, 87, 102, 142, 204, 221, 239, 254, 259, 300, 308, 309, 311, 318, 334, 353, 359, 387, 388, 390, 396, 411, 430, 449, 462, 467, 471], "summary": {"covered_lines": 34, "num_statements": 34, "percent_covered": 100.0, "percent_covered_display": "100", "missing_lines": 0, "excluded_lines": 0}, "missing_lines": [], "excluded_lines": []}}, "classes": {"TypeaheadEngine": {"executed_lines": [], "summary": {"covered_lines": 0, "num_statements": 106, "percent_covered": 0.0, "percent_covered_display": "0", "missing_lines": 106, "excluded_lines": 0}, "missing_lines": [19, 20, 21, 22, 23, 24, 25, 28, 67, 69, 72, 73, 75, 76, 77, 78, 79, 81, 83, 84, 85, 99, 100, 113, 114, 117, 118, 121, 122, 123, 125, 126, 129, 131, 132, 133, 136, 137, 138, 140, 153, 154, 156, 159, 160, 162, 164, 167, 170, 171, 174, 176, 177, 178, 179, 180, 183, 186, 187, 189, 190, 191, 192, 193, 195, 196, 199, 200, 202, 214, 216, 217, 219, 232, 233, 236, 237, 249, 256, 257, 261, 263, 264, 266, 268, 269, 270, 271, 274, 275, 276, 277, 280, 281, 284, 285, 286, 287, 288, 291, 292, 293, 295, 296, 298, 302], "excluded_lines": []}, "TypeaheadDisplay": {"executed_lines": [], "summary": {"covered_lines": 0, "num_statements": 26, "percent_covered": 0.0, "percent_covered_display": "0", "missing_lines": 26, "excluded_lines": 0}, "missing_lines": [312, 313, 314, 315, 316, 329, 330, 332, 345, 346, 349, 351, 355, 356, 357, 370, 371, 373, 374, 376, 377, 378, 379, 381, 382, 384], "excluded_lines": []}, "TypeaheadController": {"executed_lines": [], "summary": {"covered_lines": 0, "num_statements": 23, "percent_covered": 0.0, "percent_covered_display": "0", "missing_lines": 23, "excluded_lines": 0}, "missing_lines": [391, 392, 393, 394, 406, 407, 409, 422, 423, 425, 426, 428, 440, 442, 444, 445, 447, 459, 460, 464, 465, 469, 473], "excluded_lines": []}, "": {"executed_lines": [1, 6, 7, 8, 9, 10, 11, 13, 15, 16, 18, 57, 87, 102, 142, 204, 221, 239, 254, 259, 300, 308, 309, 311, 318, 334, 353, 359, 387, 388, 390, 396, 411, 430, 449, 462, 467, 471], "summary": {"covered_lines": 34, "num_statements": 34, "percent_covered": 100.0, "percent_covered_display": "100", "missing_lines": 0, "excluded_lines": 0}, "missing_lines": [], "excluded_lines": []}}}, "nlcli/utils/__init__.py": {"executed_lines": [1, 10, 12], "summary": {"covered_lines": 2, "num_statements": 2, "percent_covered": 100.0, "percent_covered_display": "100", "missing_lines": 0, "excluded_lines": 0}, "missing_lines": [], "excluded_lines": [], "functions": {"": {"executed_lines": [1, 10, 12], "summary": {"covered_lines": 2, "num_statements": 2, "percent_covered": 100.0, "percent_covered_display": "100", "missing_lines": 0, "excluded_lines": 0}, "missing_lines": [], "excluded_lines": []}}, "classes": {"": {"executed_lines": [1, 10, 12], "summary": {"covered_lines": 2, "num_statements": 2, "percent_covered": 100.0, "percent_covered_display": "100", "missing_lines": 0, "excluded_lines": 0}, "missing_lines": [], "excluded_lines": []}}}, "nlcli/utils/utils.py": {"executed_lines": [1, 5, 6, 7, 8, 9, 10, 12, 24, 25, 28, 31, 36, 37, 40, 43, 44, 45, 46, 49, 50, 51, 52, 54, 56, 64, 77, 88, 129, 148, 173, 195, 264, 308, 353, 370, 392, 419, 420, 422, 426, 436, 439], "summary": {"covered_lines": 41, "num_statements": 154, "percent_covered": 26.623376623376622, "percent_covered_display": "27", "missing_lines": 113, "excluded_lines": 0}, "missing_lines": [84, 85, 86, 96, 103, 104, 105, 106, 107, 108, 109, 112, 113, 114, 115, 116, 122, 123, 124, 125, 127, 140, 141, 142, 143, 144, 145, 146, 159, 162, 165, 168, 169, 171, 184, 185, 187, 188, 189, 190, 191, 193, 203, 210, 211, 212, 215, 216, 224, 225, 232, 235, 236, 237, 238, 239, 240, 242, 244, 245, 247, 248, 249, 250, 256, 257, 258, 259, 260, 262, 275, 282, 283, 284, 287, 288, 290, 291, 294, 295, 296, 299, 300, 301, 303, 304, 306, 316, 365, 366, 368, 382, 385, 388, 390, 403, 406, 407, 410, 411, 414, 415, 417, 423, 424, 427, 428, 430, 431, 433, 434, 437, 447], "excluded_lines": [], "functions": {"setup_logging": {"executed_lines": [24, 25, 28, 31, 36, 37, 40, 43, 44, 45, 46, 49, 50, 51, 52, 54], "summary": {"covered_lines": 16, "num_statements": 16, "percent_covered": 100.0, "percent_covered_display": "100", "missing_lines": 0, "excluded_lines": 0}, "missing_lines": [], "excluded_lines": []}, "get_platform_info": {"executed_lines": [64], "summary": {"covered_lines": 1, "num_statements": 1, "percent_covered": 100.0, "percent_covered_display": "100", "missing_lines": 0, "excluded_lines": 0}, "missing_lines": [], "excluded_lines": []}, "get_config_dir": {"executed_lines": [], "summary": {"covered_lines": 0, "num_statements": 3, "percent_covered": 0.0, "percent_covered_display": "0", "missing_lines": 3, "excluded_lines": 0}, "missing_lines": [84, 85, 86], "excluded_lines": []}, "get_shell_info": {"executed_lines": [], "summary": {"covered_lines": 0, "num_statements": 18, "percent_covered": 0.0, "percent_covered_display": "0", "missing_lines": 18, "excluded_lines": 0}, "missing_lines": [96, 103, 104, 105, 106, 107, 108, 109, 112, 113, 114, 115, 116, 122, 123, 124, 125, 127], "excluded_lines": []}, "ensure_directory": {"executed_lines": [], "summary": {"covered_lines": 0, "num_statements": 7, "percent_covered": 0.0, "percent_covered_display": "0", "missing_lines": 7, "excluded_lines": 0}, "missing_lines": [140, 141, 142, 143, 144, 145, 146], "excluded_lines": []}, "safe_filename": {"executed_lines": [], "summary": {"covered_lines": 0, "num_statements": 6, "percent_covered": 0.0, "percent_covered_display": "0", "missing_lines": 6, "excluded_lines": 0}, "missing_lines": [159, 162, 165, 168, 169, 171], "excluded_lines": []}, "format_file_size": {"executed_lines": [], "summary": {"covered_lines": 0, "num_statements": 8, "percent_covered": 0.0, "percent_covered_display": "0", "missing_lines": 8, "excluded_lines": 0}, "missing_lines": [184, 185, 187, 188, 189, 190, 191, 193], "excluded_lines": []}, "get_system_stats": {"executed_lines": [], "summary": {"covered_lines": 0, "num_statements": 28, "percent_covered": 0.0, "percent_covered_display": "0", "missing_lines": 28, "excluded_lines": 0}, "missing_lines": [203, 210, 211, 212, 215, 216, 224, 225, 232, 235, 236, 237, 238, 239, 240, 242, 244, 245, 247, 248, 249, 250, 256, 257, 258, 259, 260, 262], "excluded_lines": []}, "validate_api_key": {"executed_lines": [], "summary": {"covered_lines": 0, "num_statements": 17, "percent_covered": 0.0, "percent_covered_display": "0", "missing_lines": 17, "excluded_lines": 0}, "missing_lines": [275, 282, 283, 284, 287, 288, 290, 291, 294, 295, 296, 299, 300, 301, 303, 304, 306], "excluded_lines": []}, "get_command_examples": {"executed_lines": [], "summary": {"covered_lines": 0, "num_statements": 1, "percent_covered": 0.0, "percent_covered_display": "0", "missing_lines": 1, "excluded_lines": 0}, "missing_lines": [316], "excluded_lines": []}, "truncate_text": {"executed_lines": [], "summary": {"covered_lines": 0, "num_statements": 3, "percent_covered": 0.0, "percent_covered_display": "0", "missing_lines": 3, "excluded_lines": 0}, "missing_lines": [365, 366, 368], "excluded_lines": []}, "normalize_path": {"executed_lines": [], "summary": {"covered_lines": 0, "num_statements": 4, "percent_covered": 0.0, "percent_covered_display": "0", "missing_lines": 4, "excluded_lines": 0}, "missing_lines": [382, 385, 388, 390], "excluded_lines": []}, "is_valid_command_name": {"executed_lines": [], "summary": {"covered_lines": 0, "num_statements": 8, "percent_covered": 0.0, "percent_covered_display": "0", "missing_lines": 8, "excluded_lines": 0}, "missing_lines": [403, 406, 407, 410, 411, 414, 415, 417], "excluded_lines": []}, "ProgressIndicator.__init__": {"executed_lines": [], "summary": {"covered_lines": 0, "num_statements": 2, "percent_covered": 0.0, "percent_covered_display": "0", "missing_lines": 2, "excluded_lines": 0}, "missing_lines": [423, 424], "excluded_lines": []}, "ProgressIndicator.__enter__": {"executed_lines": [], "summary": {"covered_lines": 0, "num_statements": 6, "percent_covered": 0.0, "percent_covered_display": "0", "missing_lines": 6, "excluded_lines": 0}, "missing_lines": [427, 428, 430, 431, 433, 434], "excluded_lines": []}, "ProgressIndicator.__exit__": {"executed_lines": [], "summary": {"covered_lines": 0, "num_statements": 1, "percent_covered": 0.0, "percent_covered_display": "0", "missing_lines": 1, "excluded_lines": 0}, "missing_lines": [437], "excluded_lines": []}, "get_config_template": {"executed_lines": [], "summary": {"covered_lines": 0, "num_statements": 1, "percent_covered": 0.0, "percent_covered_display": "0", "missing_lines": 1, "excluded_lines": 0}, "missing_lines": [447], "excluded_lines": []}, "": {"executed_lines": [1, 5, 6, 7, 8, 9, 10, 12, 56, 77, 88, 129, 148, 173, 195, 264, 308, 353, 370, 392, 419, 420, 422, 426, 436, 439], "summary": {"covered_lines": 24, "num_statements": 24, "percent_covered": 100.0, "percent_covered_display": "100", "missing_lines": 0, "excluded_lines": 0}, "missing_lines": [], "excluded_lines": []}}, "classes": {"ProgressIndicator": {"executed_lines": [], "summary": {"covered_lines": 0, "num_statements": 9, "percent_covered": 0.0, "percent_covered_display": "0", "missing_lines": 9, "excluded_lines": 0}, "missing_lines": [423, 424, 427, 428, 430, 431, 433, 434, 437], "excluded_lines": []}, "": {"executed_lines": [1, 5, 6, 7, 8, 9, 10, 12, 24, 25, 28, 31, 36, 37, 40, 43, 44, 45, 46, 49, 50, 51, 52, 54, 56, 64, 77, 88, 129, 148, 173, 195, 264, 308, 353, 370, 392, 419, 420, 422, 426, 436, 439], "summary": {"covered_lines": 41, "num_statements": 145, "percent_covered": 28.275862068965516, "percent_covered_display": "28", "missing_lines": 104, "excluded_lines": 0}, "missing_lines": [84, 85, 86, 96, 103, 104, 105, 106, 107, 108, 109, 112, 113, 114, 115, 116, 122, 123, 124, 125, 127, 140, 141, 142, 143, 144, 145, 146, 159, 162, 165, 168, 169, 171, 184, 185, 187, 188, 189, 190, 191, 193, 203, 210, 211, 212, 215, 216, 224, 225, 232, 235, 236, 237, 238, 239, 240, 242, 244, 245, 247, 248, 249, 250, 256, 257, 258, 259, 260, 262, 275, 282, 283, 284, 287, 288, 290, 291, 294, 295, 296, 299, 300, 301, 303, 304, 306, 316, 365, 366, 368, 382, 385, 388, 390, 403, 406, 407, 410, 411, 414, 415, 417, 447], "excluded_lines": []}}}}, "totals": {"covered_lines": 1582, "num_statements": 4655, "percent_covered": 33.984962406015036, "percent_covered_display": "34", "missing_lines": 3073, "excluded_lines": 6}}